mar 03 18:44:25|PEAR_LOG_SQL[info] E' stata eseguita la query: [ UPDATE users SET id_type = 1,id_anag = 2,username = 'simona',password = '3506e1dff0db4e4d78412e2feb7c0a95a2afr24tg56r4r65wg',last_access = '2013-03-03 18:44:24',operatore = 'siso',data_inserimento_riga = '2011-06-14',data_modifica_riga = '2013-03-03',is_active = 1 WHERE id = 2 ] dall'utente di dominio [   ]
mar 03 19:08:47|PEAR_LOG_SQL[info] E' stata eseguita la query: [ INSERT INTO newsletters (id,object,date_last_modify) VALUES (118,'Test','2013-03-03 19:08:47') ] dall'utente di dominio [   ]
mar 03 19:11:01|PEAR_LOG_SQL[info] E' stata eseguita la query: [ INSERT INTO newsletters (id,object,date_last_modify) VALUES (119,'Test','2013-03-03 19:11:01') ] dall'utente di dominio [   ]
mar 03 19:11:21|PEAR_LOG_SQL[info] E' stata eseguita la query: [ INSERT INTO newsletters (id,object,date_last_modify) VALUES (120,'Test','2013-03-03 19:11:21') ] dall'utente di dominio [   ]
mar 03 19:11:43|PEAR_LOG_SQL[info] E' stata eseguita la query: [ INSERT INTO newsletters (id,object,date_last_modify) VALUES (121,'Test','2013-03-03 19:11:43') ] dall'utente di dominio [   ]
mar 03 19:11:56|PEAR_LOG_SQL[info] E' stata eseguita la query: [ INSERT INTO newsletters (id,object,date_last_modify) VALUES (122,'','2013-03-03 19:11:56') ] dall'utente di dominio [   ]
mar 03 19:12:02|PEAR_LOG_SQL[info] E' stata eseguita la query: [ INSERT INTO newsletters (id,object,date_last_modify) VALUES (123,'','2013-03-03 19:12:02') ] dall'utente di dominio [   ]
mar 03 19:13:41|PEAR_LOG_SQL[info] E' stata eseguita la query: [ INSERT INTO newsletters (id,object,date_last_modify) VALUES (124,'Pratica Guidata Gratuita al Barrio Arte','2013-03-03 19:13:41') ] dall'utente di dominio [   ]
mar 03 19:13:41|PEAR_LOG_SQL[info] E' stata eseguita la query: [ INSERT INTO newsletter_data (id,titolo,news) VALUES (187,'Test','<p>\r\n	Test</p>\r\n') ] dall'utente di dominio [   ]
mar 03 19:13:41|PEAR_LOG_SQL[info] E' stata eseguita la query: [ INSERT INTO newsletters_to_newsletter_data (id_newsletter,id_newsletter_data) VALUES (124,187) ] dall'utente di dominio [   ]
mar 03 19:13:41|PEAR_LOG_SQL[info] E' stata eseguita la query: [ INSERT INTO newsletter_data (id,titolo,news) VALUES (188,' ',NULL) ] dall'utente di dominio [   ]
mar 03 19:13:41|PEAR_LOG_SQL[info] E' stata eseguita la query: [ INSERT INTO newsletters_to_newsletter_data (id_newsletter,id_newsletter_data) VALUES (124,188) ] dall'utente di dominio [   ]
mar 03 19:14:12|PEAR_LOG_SQL[info] E' stata eseguita la query: [ INSERT INTO newsletters (id,object,date_last_modify) VALUES (125,'Pratica Guidata Gratuita al Barrio Arte','2013-03-03 19:14:12') ] dall'utente di dominio [   ]
mar 03 19:14:12|PEAR_LOG_SQL[info] E' stata eseguita la query: [ INSERT INTO newsletter_data (id,titolo,news) VALUES (189,'Test','<p>\r\n	Test</p>\r\n') ] dall'utente di dominio [   ]
mar 03 19:14:12|PEAR_LOG_SQL[info] E' stata eseguita la query: [ INSERT INTO newsletters_to_newsletter_data (id_newsletter,id_newsletter_data) VALUES (125,189) ] dall'utente di dominio [   ]
mar 03 19:14:12|PEAR_LOG_SQL[info] E' stata eseguita la query: [ INSERT INTO newsletter_data (id,titolo,news) VALUES (190,' ',NULL) ] dall'utente di dominio [   ]
mar 03 19:14:12|PEAR_LOG_SQL[info] E' stata eseguita la query: [ INSERT INTO newsletters_to_newsletter_data (id_newsletter,id_newsletter_data) VALUES (125,190) ] dall'utente di dominio [   ]
mar 03 19:14:30|PEAR_LOG_SQL[info] E' stata eseguita la query: [ INSERT INTO newsletters (id,object,date_last_modify) VALUES (126,'Pratica Guidata Gratuita al Barrio Arte','2013-03-03 19:14:30') ] dall'utente di dominio [   ]
mar 03 19:14:30|PEAR_LOG_SQL[info] E' stata eseguita la query: [ INSERT INTO newsletter_data (id,titolo,news) VALUES (191,'Test','<p>\r\n	Test</p>\r\n') ] dall'utente di dominio [   ]
mar 03 19:14:30|PEAR_LOG_SQL[info] E' stata eseguita la query: [ INSERT INTO newsletters_to_newsletter_data (id_newsletter,id_newsletter_data) VALUES (126,191) ] dall'utente di dominio [   ]
mar 03 19:14:30|PEAR_LOG_SQL[info] E' stata eseguita la query: [ INSERT INTO newsletter_data (id,titolo,news) VALUES (192,' ',NULL) ] dall'utente di dominio [   ]
mar 03 19:14:30|PEAR_LOG_SQL[info] E' stata eseguita la query: [ INSERT INTO newsletters_to_newsletter_data (id_newsletter,id_newsletter_data) VALUES (126,192) ] dall'utente di dominio [   ]
mar 03 19:15:06|PEAR_LOG_SQL[info] E' stata eseguita la query: [ INSERT INTO newsletters (id,object,date_last_modify) VALUES (127,'Pratica Guidata Gratuita al Barrio Arte','2013-03-03 19:15:06') ] dall'utente di dominio [   ]
mar 03 19:15:06|PEAR_LOG_SQL[info] E' stata eseguita la query: [ INSERT INTO newsletter_data (id,titolo,news) VALUES (193,'Test','<p>\r\n	Test</p>\r\n') ] dall'utente di dominio [   ]
mar 03 19:15:06|PEAR_LOG_SQL[info] E' stata eseguita la query: [ INSERT INTO newsletters_to_newsletter_data (id_newsletter,id_newsletter_data) VALUES (127,193) ] dall'utente di dominio [   ]
mar 03 19:15:06|PEAR_LOG_SQL[info] E' stata eseguita la query: [ INSERT INTO newsletter_data (id,titolo,news) VALUES (194,' ',NULL) ] dall'utente di dominio [   ]
mar 03 19:15:06|PEAR_LOG_SQL[info] E' stata eseguita la query: [ INSERT INTO newsletters_to_newsletter_data (id_newsletter,id_newsletter_data) VALUES (127,194) ] dall'utente di dominio [   ]
mar 03 19:15:22|PEAR_LOG_SQL[info] E' stata eseguita la query: [ INSERT INTO newsletters (id,object,date_last_modify) VALUES (128,'Pratica Guidata Gratuita al Barrio Arte','2013-03-03 19:15:22') ] dall'utente di dominio [   ]
mar 03 19:15:22|PEAR_LOG_SQL[info] E' stata eseguita la query: [ INSERT INTO newsletter_data (id,titolo,news) VALUES (195,'Test','<p>\r\n	Test</p>\r\n') ] dall'utente di dominio [   ]
mar 03 19:15:22|PEAR_LOG_SQL[info] E' stata eseguita la query: [ INSERT INTO newsletters_to_newsletter_data (id_newsletter,id_newsletter_data) VALUES (128,195) ] dall'utente di dominio [   ]
mar 03 19:15:22|PEAR_LOG_SQL[info] E' stata eseguita la query: [ INSERT INTO newsletter_data (id,titolo,news) VALUES (196,' ',NULL) ] dall'utente di dominio [   ]
mar 03 19:15:22|PEAR_LOG_SQL[info] E' stata eseguita la query: [ INSERT INTO newsletters_to_newsletter_data (id_newsletter,id_newsletter_data) VALUES (128,196) ] dall'utente di dominio [   ]
mar 03 19:15:37|PEAR_LOG_SQL[info] E' stata eseguita la query: [ INSERT INTO newsletters (id,object,date_last_modify) VALUES (129,'Pratica Guidata Gratuita al Barrio Arte','2013-03-03 19:15:37') ] dall'utente di dominio [   ]
mar 03 19:15:37|PEAR_LOG_SQL[info] E' stata eseguita la query: [ INSERT INTO newsletter_data (id,titolo,news) VALUES (197,'Test','<p>\r\n	Test</p>\r\n') ] dall'utente di dominio [   ]
mar 03 19:15:37|PEAR_LOG_SQL[info] E' stata eseguita la query: [ INSERT INTO newsletters_to_newsletter_data (id_newsletter,id_newsletter_data) VALUES (129,197) ] dall'utente di dominio [   ]
mar 03 19:15:37|PEAR_LOG_SQL[info] E' stata eseguita la query: [ INSERT INTO newsletter_data (id,titolo,news) VALUES (198,' ',NULL) ] dall'utente di dominio [   ]
mar 03 19:15:37|PEAR_LOG_SQL[info] E' stata eseguita la query: [ INSERT INTO newsletters_to_newsletter_data (id_newsletter,id_newsletter_data) VALUES (129,198) ] dall'utente di dominio [   ]
mar 03 19:16:16|PEAR_LOG_SQL[info] E' stata eseguita la query: [ DELETE FROM newsletters WHERE id = 129 ] dall'utente di dominio [   ]
mar 03 19:16:20|PEAR_LOG_SQL[info] E' stata eseguita la query: [ DELETE FROM newsletters WHERE id = 128 ] dall'utente di dominio [   ]
mar 03 19:16:24|PEAR_LOG_SQL[info] E' stata eseguita la query: [ DELETE FROM newsletters WHERE id = 127 ] dall'utente di dominio [   ]
mar 03 19:16:28|PEAR_LOG_SQL[info] E' stata eseguita la query: [ DELETE FROM newsletters WHERE id = 126 ] dall'utente di dominio [   ]
mar 03 19:16:32|PEAR_LOG_SQL[info] E' stata eseguita la query: [ DELETE FROM newsletters WHERE id = 125 ] dall'utente di dominio [   ]
mar 03 19:16:39|PEAR_LOG_SQL[info] E' stata eseguita la query: [ DELETE FROM newsletters WHERE id = 124 ] dall'utente di dominio [   ]
mar 03 19:16:49|PEAR_LOG_SQL[info] E' stata eseguita la query: [ DELETE FROM newsletters WHERE id = 114 ] dall'utente di dominio [   ]
mar 03 19:16:54|PEAR_LOG_SQL[info] E' stata eseguita la query: [ DELETE FROM newsletters WHERE id = 112 ] dall'utente di dominio [   ]
