mag 11 18:58:03|PEAR_LOG_SQL[info] E' stata eseguita la query: [ UPDATE users SET id_type = 1,id_anag = 2,username = 'simona',password = '3506e1dff0db4e4d78412e2feb7c0a95a2afr24tg56r4r65wg',last_access = '2013-05-11 18:58:03',operatore = 'siso',data_inserimento_riga = '2011-06-14',data_modifica_riga = '2013-05-11',is_active = 1 WHERE id = 2 ] dall'utente di dominio [   ]
mag 11 19:04:37|PEAR_LOG_SQL[info] E' stata eseguita la query: [ INSERT INTO newsletters (id,object,date_last_modify) VALUES (146,'Questa sera al Giardino del Tango','2013-05-11 19:04:37') ] dall'utente di dominio [   ]
mag 11 19:04:38|PEAR_LOG_SQL[info] E' stata eseguita la query: [ INSERT INTO newsletter_data (id,titolo,news) VALUES (217,' ','<p>\r\n	Cari amici, questa sera Tangando sar&agrave; presente al Giardino del Tango, chiunque volesse aggregarsi e partire insieme a noi da Monterotondo, l&#39;appuntamento &egrave; alle ore 22:15 al Gruppo Clark di Monterotondo Scalo, altrimenti direttamente in Milonga alle ore 23:00.</p>\r\n<p>\r\n	Vi ricordiamo inoltre che domani alle ore 18:30 c/o la nostra scuola saremo presenti al progetto Sciabono con una lezione aperta a tutti!!!</p>\r\n<p>\r\n	&nbsp;</p>\r\n<p>\r\n	Buona serata</p>\r\n') ] dall'utente di dominio [   ]
mag 11 19:04:38|PEAR_LOG_SQL[info] E' stata eseguita la query: [ INSERT INTO newsletters_to_newsletter_data (id_newsletter,id_newsletter_data) VALUES (146,217) ] dall'utente di dominio [   ]
mag 11 19:04:38|PEAR_LOG_SQL[info] E' stata eseguita la query: [ INSERT INTO newsletter_data (id,titolo,news) VALUES (218,' ',NULL) ] dall'utente di dominio [   ]
mag 11 19:04:38|PEAR_LOG_SQL[info] E' stata eseguita la query: [ INSERT INTO newsletters_to_newsletter_data (id_newsletter,id_newsletter_data) VALUES (146,218) ] dall'utente di dominio [   ]
mag 11 19:04:38|PEAR_LOG_SQL[info] E' stata eseguita la query: [ INSERT INTO newsletters (id,object,date_last_modify) VALUES (147,'Questa sera al Giardino del Tango','2013-05-11 19:04:38') ] dall'utente di dominio [   ]
mag 11 19:04:38|PEAR_LOG_SQL[info] E' stata eseguita la query: [ INSERT INTO newsletter_data (id,titolo,news) VALUES (219,' ','<p>\r\n	Cari amici, questa sera Tangando sar&agrave; presente al Giardino del Tango, chiunque volesse aggregarsi e partire insieme a noi da Monterotondo, l&#39;appuntamento &egrave; alle ore 22:15 al Gruppo Clark di Monterotondo Scalo, altrimenti direttamente in Milonga alle ore 23:00.</p>\r\n<p>\r\n	Vi ricordiamo inoltre che domani alle ore 18:30 c/o la nostra scuola saremo presenti al progetto Sciabono con una lezione aperta a tutti!!!</p>\r\n<p>\r\n	&nbsp;</p>\r\n<p>\r\n	Buona serata</p>\r\n') ] dall'utente di dominio [   ]
mag 11 19:04:38|PEAR_LOG_SQL[info] E' stata eseguita la query: [ INSERT INTO newsletters_to_newsletter_data (id_newsletter,id_newsletter_data) VALUES (147,219) ] dall'utente di dominio [   ]
mag 11 19:04:38|PEAR_LOG_SQL[info] E' stata eseguita la query: [ INSERT INTO newsletter_data (id,titolo,news) VALUES (220,' ',NULL) ] dall'utente di dominio [   ]
mag 11 19:04:38|PEAR_LOG_SQL[info] E' stata eseguita la query: [ INSERT INTO newsletters_to_newsletter_data (id_newsletter,id_newsletter_data) VALUES (147,220) ] dall'utente di dominio [   ]
mag 11 19:07:21|PEAR_LOG_SQL[info] E' stata eseguita la query: [ UPDATE newsletters SET object = 'Stasera al Giardino del Tango',date_last_modify = '2013-05-11 19:07:21' WHERE id =  ] dall'utente di dominio [   ]
mag 11 19:07:21|PEAR_LOG_SQL[info] E' stata eseguita la query: [ INSERT INTO newsletter_data (id,titolo,news) VALUES (221,' ','<p>\r\n	Cari amici, questa sera Tangando sar&agrave; presente al Giardino del Tango (Ponte Milvio - Via degli Olimpionici 7) chiunque volesse aggregarsi e partire insieme a noi da Monterotondo, l&#39;appuntamento &egrave; alle ore 22:15 al Gruppo Clark di Monterotondo Scalo, altrimenti direttamente in Milonga alle ore 23:00.</p>\r\n<p>\r\n	Vi ricordiamo inoltre che domani alle ore 18:30 c/o la nostra scuola saremo presenti al progetto Sciabono con una lezione aperta a tutti!!!</p>\r\n<p>\r\n	&nbsp;</p>\r\n<p>\r\n	Buona serata</p>\r\n') ] dall'utente di dominio [   ]
mag 11 19:07:21|PEAR_LOG_SQL[info] E' stata eseguita la query: [ INSERT INTO newsletters_to_newsletter_data (id_newsletter,id_newsletter_data) VALUES (1,221) ] dall'utente di dominio [   ]
mag 11 19:07:21|PEAR_LOG_SQL[info] E' stata eseguita la query: [ INSERT INTO newsletter_data (id,titolo,news) VALUES (222,' ',NULL) ] dall'utente di dominio [   ]
mag 11 19:07:21|PEAR_LOG_SQL[info] E' stata eseguita la query: [ INSERT INTO newsletters_to_newsletter_data (id_newsletter,id_newsletter_data) VALUES (1,222) ] dall'utente di dominio [   ]
mag 11 19:10:31|PEAR_LOG_SQL[info] E' stata eseguita la query: [ UPDATE newsletters SET object = '',date_last_modify = '2013-05-11 19:10:31' WHERE id =  ] dall'utente di dominio [   ]
mag 11 19:10:31|PEAR_LOG_SQL[info] E' stata eseguita la query: [ INSERT INTO newsletter_data (id,titolo,news) VALUES (223,' ','<p>\r\n	Cari amici, questa sera Tangando sar&agrave; presente al Giardino del Tango (Ponte Milvio - Via degli Olimpionici, 7), chiunque volesse aggregarsi e partire insieme a noi da Monterotondo, l&#39;appuntamento &egrave; alle ore 22:15 al Gruppo Clark di Monterotondo Scalo, altrimenti direttamente in Milonga alle ore 23:00.</p>\r\n<p>\r\n	Vi ricordiamo inoltre che domani alle ore 18:30 c/o la nostra scuola saremo presenti al progetto Sciabono con una lezione aperta a tutti!!!</p>\r\n<p>\r\n	Buona serata</p>\r\n') ] dall'utente di dominio [   ]
mag 11 19:10:31|PEAR_LOG_SQL[info] E' stata eseguita la query: [ INSERT INTO newsletters_to_newsletter_data (id_newsletter,id_newsletter_data) VALUES (1,223) ] dall'utente di dominio [   ]
mag 11 19:10:31|PEAR_LOG_SQL[info] E' stata eseguita la query: [ INSERT INTO newsletter_data (id,titolo,news) VALUES (224,' ','<br />\r\n') ] dall'utente di dominio [   ]
mag 11 19:10:31|PEAR_LOG_SQL[info] E' stata eseguita la query: [ INSERT INTO newsletters_to_newsletter_data (id_newsletter,id_newsletter_data) VALUES (1,224) ] dall'utente di dominio [   ]
mag 11 19:10:31|PEAR_LOG_SQL[info] E' stata eseguita la query: [ INSERT INTO newsletter_data (id,titolo,news) VALUES (225,' ',NULL) ] dall'utente di dominio [   ]
mag 11 19:10:31|PEAR_LOG_SQL[info] E' stata eseguita la query: [ INSERT INTO newsletters_to_newsletter_data (id_newsletter,id_newsletter_data) VALUES (1,225) ] dall'utente di dominio [   ]
mag 11 19:12:13|PEAR_LOG_SQL[info] E' stata eseguita la query: [ UPDATE newsletters SET object = '',date_last_modify = '2013-05-11 19:12:13' WHERE id =  ] dall'utente di dominio [   ]
mag 11 19:12:13|PEAR_LOG_SQL[info] E' stata eseguita la query: [ INSERT INTO newsletter_data (id,titolo,news) VALUES (226,' ','<p>\r\n	Cari amici, questa sera Tangando sar&agrave; presente al Giardino del Tango (Ponte Milvio - Via degli Olimpionici, 7), chiunque volesse aggregarsi e partire insieme a noi da Monterotondo, l&#39;appuntamento &egrave; alle ore 22:15 al Gruppo Clark di Monterotondo Scalo, altrimenti direttamente in Milonga alle ore 23:00.</p>\r\n<p>\r\n	Vi ricordiamo inoltre che domani alle ore 18:30 c/o la nostra scuola saremo presenti al progetto Sciabono con una lezione aperta a tutti!!!</p>\r\n<p>\r\n	Buona serata</p>\r\n') ] dall'utente di dominio [   ]
mag 11 19:12:13|PEAR_LOG_SQL[info] E' stata eseguita la query: [ INSERT INTO newsletters_to_newsletter_data (id_newsletter,id_newsletter_data) VALUES (1,226) ] dall'utente di dominio [   ]
mag 11 19:12:13|PEAR_LOG_SQL[info] E' stata eseguita la query: [ INSERT INTO newsletter_data (id,titolo,news) VALUES (227,' ','<br />\r\n') ] dall'utente di dominio [   ]
mag 11 19:12:13|PEAR_LOG_SQL[info] E' stata eseguita la query: [ INSERT INTO newsletters_to_newsletter_data (id_newsletter,id_newsletter_data) VALUES (1,227) ] dall'utente di dominio [   ]
mag 11 19:12:13|PEAR_LOG_SQL[info] E' stata eseguita la query: [ INSERT INTO newsletter_data (id,titolo,news) VALUES (228,' ','<br />\r\n') ] dall'utente di dominio [   ]
mag 11 19:12:13|PEAR_LOG_SQL[info] E' stata eseguita la query: [ INSERT INTO newsletters_to_newsletter_data (id_newsletter,id_newsletter_data) VALUES (1,228) ] dall'utente di dominio [   ]
mag 11 19:12:50|PEAR_LOG_SQL[info] E' stata eseguita la query: [ UPDATE newsletters SET object = '',date_last_modify = '2013-05-11 19:12:50' WHERE id =  ] dall'utente di dominio [   ]
mag 11 19:12:50|PEAR_LOG_SQL[info] E' stata eseguita la query: [ INSERT INTO newsletter_data (id,titolo,news) VALUES (229,' ','<p>\r\n	Cari amici, questa sera Tangando sar&agrave; presente al Giardino del Tango (Ponte Milvio - Via degli Olimpionici, 7), chiunque volesse aggregarsi e partire insieme a noi da Monterotondo, l&#39;appuntamento &egrave; alle ore 22:15 al Gruppo Clark di Monterotondo Scalo, altrimenti direttamente in Milonga alle ore 23:00.</p>\r\n<p>\r\n	Vi ricordiamo inoltre che domani alle ore 18:30 c/o la nostra scuola saremo presenti al progetto Sciabono con una lezione aperta a tutti!!!</p>\r\n<p>\r\n	Buona serata</p>\r\n') ] dall'utente di dominio [   ]
mag 11 19:12:50|PEAR_LOG_SQL[info] E' stata eseguita la query: [ INSERT INTO newsletters_to_newsletter_data (id_newsletter,id_newsletter_data) VALUES (1,229) ] dall'utente di dominio [   ]
mag 11 19:12:50|PEAR_LOG_SQL[info] E' stata eseguita la query: [ INSERT INTO newsletter_data (id,titolo,news) VALUES (230,' ','<br />\r\n') ] dall'utente di dominio [   ]
mag 11 19:12:50|PEAR_LOG_SQL[info] E' stata eseguita la query: [ INSERT INTO newsletters_to_newsletter_data (id_newsletter,id_newsletter_data) VALUES (1,230) ] dall'utente di dominio [   ]
mag 11 19:12:50|PEAR_LOG_SQL[info] E' stata eseguita la query: [ INSERT INTO newsletter_data (id,titolo,news) VALUES (231,' ','<br />\r\n') ] dall'utente di dominio [   ]
mag 11 19:12:50|PEAR_LOG_SQL[info] E' stata eseguita la query: [ INSERT INTO newsletters_to_newsletter_data (id_newsletter,id_newsletter_data) VALUES (1,231) ] dall'utente di dominio [   ]
mag 11 19:13:53|PEAR_LOG_SQL[info] E' stata eseguita la query: [ UPDATE newsletters SET object = 'Questa sera al Giardino del Tango - Via degli Olimpionici, 7',date_last_modify = '2013-05-11 19:13:53' WHERE id =  ] dall'utente di dominio [   ]
