Jan 05 14:10:31|PEAR_LOG_SQL[info] E' stata eseguita la query: [ UPDATE index_fattura SET year='2016' ] dall'utente di dominio [  ]
Jan 05 14:10:31|PEAR_LOG_SQL[info] E' stata eseguita la query: [ UPDATE index_ddt SET year='2016' ] dall'utente di dominio [  ]
Jan 05 17:37:49|PEAR_LOG_SQL[info] E' stata eseguita la query: [ UPDATE index_fattura SET year='2016' ] dall'utente di dominio [  ]
Jan 05 17:37:49|PEAR_LOG_SQL[info] E' stata eseguita la query: [ UPDATE index_ddt SET year='2016' ] dall'utente di dominio [  ]
Jan 05 17:37:51|PEAR_LOG_SQL[info] E' stata eseguita la query: [ UPDATE index_fattura SET year='2016' ] dall'utente di dominio [  ]
Jan 05 17:37:51|PEAR_LOG_SQL[info] E' stata eseguita la query: [ UPDATE index_ddt SET year='2016' ] dall'utente di dominio [  ]
Jan 05 17:37:51|PEAR_LOG_SQL[info] E' stata eseguita la query: [ UPDATE users SET id_type = 1,id_anag = 7095,id_customer = NULL,sconto_fornitori_nl = NULL,sconto_fornitori_de = NULL,username = 'gabriele.paolillo',password = '8bc674f8b3278ec1de6112accd643b4fa2afr24tg56r4r65wg',secret_question = NULL,secret_response = NULL,confirmation_code = NULL,last_access = '2016-01-05 17:37:51',data_inserimento_riga = '2015-11-06',data_modifica_riga = '2016-01-05',is_newsletter_subscribed = NULL,is_t_c_accepted = NULL,is_agent = NULL,is_active = 1,operatore = 'siso' WHERE id = 9 ] dall'utente di dominio [  ] Utente di dominio: [  ] REMOTE PORT: [ 50588 ] REMOTE IP: [ 5.86.55.119 ] FULL DATE [ 05-01-2016 ]
Jan 05 17:37:51|PEAR_LOG_SQL[info] E' stata eseguita la query: [ UPDATE index_fattura SET year='2016' ] dall'utente di dominio [ gabriele.paolillo ]
Jan 05 17:37:51|PEAR_LOG_SQL[info] E' stata eseguita la query: [ UPDATE index_ddt SET year='2016' ] dall'utente di dominio [ gabriele.paolillo ]
Jan 05 17:39:23|PEAR_LOG_SQL[info] E' stata eseguita la query: [ UPDATE index_fattura SET year='2016' ] dall'utente di dominio [ gabriele.paolillo ]
Jan 05 17:39:23|PEAR_LOG_SQL[info] E' stata eseguita la query: [ UPDATE index_ddt SET year='2016' ] dall'utente di dominio [ gabriele.paolillo ]
Jan 05 17:39:30|PEAR_LOG_SQL[info] E' stata eseguita la query: [ UPDATE index_fattura SET year='2016' ] dall'utente di dominio [ gabriele.paolillo ]
Jan 05 17:39:30|PEAR_LOG_SQL[info] E' stata eseguita la query: [ UPDATE index_ddt SET year='2016' ] dall'utente di dominio [ gabriele.paolillo ]
Jan 05 17:41:33|PEAR_LOG_SQL[info] E' stata eseguita la query: [ UPDATE index_fattura SET year='2016' ] dall'utente di dominio [ gabriele.paolillo ]
Jan 05 17:41:33|PEAR_LOG_SQL[info] E' stata eseguita la query: [ UPDATE index_ddt SET year='2016' ] dall'utente di dominio [ gabriele.paolillo ]
Jan 05 17:41:42|PEAR_LOG_SQL[info] E' stata eseguita la query: [ UPDATE index_fattura SET year='2016' ] dall'utente di dominio [ gabriele.paolillo ]
Jan 05 17:41:42|PEAR_LOG_SQL[info] E' stata eseguita la query: [ UPDATE index_ddt SET year='2016' ] dall'utente di dominio [ gabriele.paolillo ]
Jan 05 17:41:52|PEAR_LOG_SQL[info] E' stata eseguita la query: [ UPDATE index_fattura SET year='2016' ] dall'utente di dominio [ gabriele.paolillo ]
Jan 05 17:41:52|PEAR_LOG_SQL[info] E' stata eseguita la query: [ UPDATE index_ddt SET year='2016' ] dall'utente di dominio [ gabriele.paolillo ]
Jan 05 17:42:00|PEAR_LOG_SQL[info] E' stata eseguita la query: [ UPDATE index_fattura SET year='2016' ] dall'utente di dominio [ gabriele.paolillo ]
Jan 05 17:42:00|PEAR_LOG_SQL[info] E' stata eseguita la query: [ UPDATE index_ddt SET year='2016' ] dall'utente di dominio [ gabriele.paolillo ]
Jan 05 17:42:10|PEAR_LOG_SQL[info] E' stata eseguita la query: [ UPDATE index_fattura SET year='2016' ] dall'utente di dominio [ gabriele.paolillo ]
Jan 05 17:42:10|PEAR_LOG_SQL[info] E' stata eseguita la query: [ UPDATE index_ddt SET year='2016' ] dall'utente di dominio [ gabriele.paolillo ]
Jan 05 17:42:37|PEAR_LOG_SQL[info] E' stata eseguita la query: [ UPDATE index_fattura SET year='2016' ] dall'utente di dominio [ gabriele.paolillo ]
Jan 05 17:42:37|PEAR_LOG_SQL[info] E' stata eseguita la query: [ UPDATE index_ddt SET year='2016' ] dall'utente di dominio [ gabriele.paolillo ]
Jan 05 17:42:37|PEAR_LOG_SQL[info] E' stata eseguita la query: [ INSERT INTO users_anag (id,name,surname,email,address,address_secondary,city,province,nation,cap,phone,mobile,sex,p_iva,codice_fiscale,name_spedizione,surname_spedizione,address_spedizione,address_secondary_spedizione,city_spedizione,province_spedizione,nation_spedizione,cap_spedizione,test,settore_merceologico) VALUES (7103,'MANUELA','DEFELICE','',NULL,NULL,NULL,NULL,NULL,NULL,NULL,NULL,NULL,NULL,NULL,NULL,NULL,NULL,NULL,NULL,NULL,NULL,NULL,NULL,NULL) ] dall'utente di dominio [ gabriele.paolillo ] Utente di dominio: [ gabriele.paolillo ] REMOTE PORT: [ 50692 ] REMOTE IP: [ 5.86.55.119 ] FULL DATE [ 05-01-2016 ]
Jan 05 17:42:37|PEAR_LOG_SQL[info] E' stata eseguita la query: [ INSERT INTO users (id,id_type,id_anag,id_customer,sconto_fornitori_nl,sconto_fornitori_de,username,password,secret_question,secret_response,confirmation_code,last_access,data_inserimento_riga,data_modifica_riga,is_newsletter_subscribed,is_t_c_accepted,is_agent,is_active,operatore) VALUES (19,3,7103,NULL,NULL,NULL,'MANUELE.DEFELICE','7d2ddc5298e18f9d99696c9732ebd467a2afr24tg56r4r65wg',NULL,NULL,NULL,NULL,'2016-01-05','2016-01-05',NULL,NULL,NULL,0,'gabriele.paolillo') ] dall'utente di dominio [ gabriele.paolillo ]
Jan 05 17:42:37|PEAR_LOG_SQL[info] E' stata eseguita la query: [ UPDATE users SET id_type = 3,id_anag = 7103,id_customer = NULL,sconto_fornitori_nl = NULL,sconto_fornitori_de = NULL,username = 'MANUELE.DEFELICE',password = '7d2ddc5298e18f9d99696c9732ebd467a2afr24tg56r4r65wg',secret_question = NULL,secret_response = NULL,confirmation_code = NULL,last_access = NULL,data_inserimento_riga = '2016-01-05',data_modifica_riga = '2016-01-05',is_newsletter_subscribed = NULL,is_t_c_accepted = NULL,is_agent = NULL,is_active = 1,operatore = 'gabriele.paolillo' WHERE id = 19 ] dall'utente di dominio [ gabriele.paolillo ]
Jan 05 17:42:37|PEAR_LOG_SQL[info] E' stata eseguita la query: [ UPDATE index_fattura SET year='2016' ] dall'utente di dominio [ gabriele.paolillo ]
Jan 05 17:42:37|PEAR_LOG_SQL[info] E' stata eseguita la query: [ UPDATE index_ddt SET year='2016' ] dall'utente di dominio [ gabriele.paolillo ]
Jan 05 17:42:43|PEAR_LOG_SQL[info] E' stata eseguita la query: [ UPDATE index_fattura SET year='2016' ] dall'utente di dominio [ gabriele.paolillo ]
Jan 05 17:42:43|PEAR_LOG_SQL[info] E' stata eseguita la query: [ UPDATE index_ddt SET year='2016' ] dall'utente di dominio [ gabriele.paolillo ]
Jan 05 17:43:17|PEAR_LOG_SQL[info] E' stata eseguita la query: [ UPDATE index_fattura SET year='2016' ] dall'utente di dominio [ gabriele.paolillo ]
Jan 05 17:43:17|PEAR_LOG_SQL[info] E' stata eseguita la query: [ UPDATE index_ddt SET year='2016' ] dall'utente di dominio [ gabriele.paolillo ]
Jan 05 17:43:17|PEAR_LOG_SQL[info] E' stata eseguita la query: [ UPDATE users_anag SET name = 'manuela',surname = 'defelice',email = '',address = NULL,address_secondary = NULL,city = NULL,province = NULL,nation = NULL,cap = NULL,phone = NULL,mobile = NULL,sex = NULL,p_iva = NULL,codice_fiscale = NULL,name_spedizione = NULL,surname_spedizione = NULL,address_spedizione = NULL,address_secondary_spedizione = NULL,city_spedizione = NULL,province_spedizione = NULL,nation_spedizione = NULL,cap_spedizione = NULL,test = NULL,settore_merceologico = NULL WHERE id = 7103 ] dall'utente di dominio [ gabriele.paolillo ]
Jan 05 17:43:17|PEAR_LOG_SQL[info] E' stata eseguita la query: [ UPDATE users SET id_type = 3,id_anag = 7103,id_customer = NULL,sconto_fornitori_nl = NULL,sconto_fornitori_de = NULL,username = 'manuela.defelice',password = 'c4646d2f83c510ab1e7e553cd1e2f710a2afr24tg56r4r65wg',secret_question = NULL,secret_response = NULL,confirmation_code = NULL,last_access = NULL,data_inserimento_riga = '2016-01-05',data_modifica_riga = '2016-01-05',is_newsletter_subscribed = NULL,is_t_c_accepted = NULL,is_agent = NULL,is_active = 1,operatore = 'gabriele.paolillo' WHERE id = 19 ] dall'utente di dominio [ gabriele.paolillo ]
Jan 05 17:43:17|PEAR_LOG_SQL[info] E' stata eseguita la query: [ INSERT INTO users (id,id_type,id_anag,id_customer,sconto_fornitori_nl,sconto_fornitori_de,username,password,secret_question,secret_response,confirmation_code,last_access,data_inserimento_riga,data_modifica_riga,is_newsletter_subscribed,is_t_c_accepted,is_agent,is_active,operatore) VALUES (20,NULL,NULL,NULL,NULL,NULL,NULL,NULL,NULL,NULL,NULL,NULL,'2016-01-05','2016-01-05',NULL,NULL,NULL,0,NULL) ] dall'utente di dominio [ gabriele.paolillo ] Utente di dominio: [ gabriele.paolillo ] REMOTE PORT: [ 50704 ] REMOTE IP: [ 5.86.55.119 ] FULL DATE [ 05-01-2016 ]
Jan 05 17:43:17|PEAR_LOG_SQL[info] E' stata eseguita la query: [ UPDATE index_fattura SET year='2016' ] dall'utente di dominio [ gabriele.paolillo ]
Jan 05 17:43:17|PEAR_LOG_SQL[info] E' stata eseguita la query: [ UPDATE index_ddt SET year='2016' ] dall'utente di dominio [ gabriele.paolillo ]
Jan 05 17:43:27|PEAR_LOG_SQL[info] E' stata eseguita la query: [ UPDATE index_fattura SET year='2016' ] dall'utente di dominio [ gabriele.paolillo ]
Jan 05 17:43:27|PEAR_LOG_SQL[info] E' stata eseguita la query: [ UPDATE index_ddt SET year='2016' ] dall'utente di dominio [ gabriele.paolillo ]
Jan 05 17:43:48|PEAR_LOG_SQL[info] E' stata eseguita la query: [ UPDATE index_fattura SET year='2016' ] dall'utente di dominio [ gabriele.paolillo ]
Jan 05 17:43:48|PEAR_LOG_SQL[info] E' stata eseguita la query: [ UPDATE index_ddt SET year='2016' ] dall'utente di dominio [ gabriele.paolillo ]
Jan 05 17:43:48|PEAR_LOG_SQL[info] E' stata eseguita la query: [ UPDATE users_anag SET name = 'Manuela',surname = 'Defelice',email = '',address = NULL,address_secondary = NULL,city = NULL,province = NULL,nation = NULL,cap = NULL,phone = NULL,mobile = NULL,sex = NULL,p_iva = NULL,codice_fiscale = NULL,name_spedizione = NULL,surname_spedizione = NULL,address_spedizione = NULL,address_secondary_spedizione = NULL,city_spedizione = NULL,province_spedizione = NULL,nation_spedizione = NULL,cap_spedizione = NULL,test = NULL,settore_merceologico = NULL WHERE id = 7103 ] dall'utente di dominio [ gabriele.paolillo ]
Jan 05 17:43:48|PEAR_LOG_SQL[info] E' stata eseguita la query: [ UPDATE users SET id_type = 3,id_anag = 7103,id_customer = NULL,sconto_fornitori_nl = NULL,sconto_fornitori_de = NULL,username = 'manuela.defelice',password = 'c4646d2f83c510ab1e7e553cd1e2f710a2afr24tg56r4r65wg',secret_question = NULL,secret_response = NULL,confirmation_code = NULL,last_access = NULL,data_inserimento_riga = '2016-01-05',data_modifica_riga = '2016-01-05',is_newsletter_subscribed = NULL,is_t_c_accepted = NULL,is_agent = NULL,is_active = 1,operatore = 'gabriele.paolillo' WHERE id = 19 ] dall'utente di dominio [ gabriele.paolillo ]
Jan 05 17:43:48|PEAR_LOG_SQL[info] E' stata eseguita la query: [ INSERT INTO users (id,id_type,id_anag,id_customer,sconto_fornitori_nl,sconto_fornitori_de,username,password,secret_question,secret_response,confirmation_code,last_access,data_inserimento_riga,data_modifica_riga,is_newsletter_subscribed,is_t_c_accepted,is_agent,is_active,operatore) VALUES (21,NULL,NULL,NULL,NULL,NULL,NULL,NULL,NULL,NULL,NULL,NULL,'2016-01-05','2016-01-05',NULL,NULL,NULL,0,NULL) ] dall'utente di dominio [ gabriele.paolillo ] Utente di dominio: [ gabriele.paolillo ] REMOTE PORT: [ 50710 ] REMOTE IP: [ 5.86.55.119 ] FULL DATE [ 05-01-2016 ]
Jan 05 17:43:48|PEAR_LOG_SQL[info] E' stata eseguita la query: [ UPDATE index_fattura SET year='2016' ] dall'utente di dominio [ gabriele.paolillo ]
Jan 05 17:43:48|PEAR_LOG_SQL[info] E' stata eseguita la query: [ UPDATE index_ddt SET year='2016' ] dall'utente di dominio [ gabriele.paolillo ]
Jan 05 17:44:03|PEAR_LOG_SQL[info] E' stata eseguita la query: [ UPDATE index_fattura SET year='2016' ] dall'utente di dominio [ gabriele.paolillo ]
Jan 05 17:44:03|PEAR_LOG_SQL[info] E' stata eseguita la query: [ UPDATE index_ddt SET year='2016' ] dall'utente di dominio [ gabriele.paolillo ]
Jan 05 17:44:40|PEAR_LOG_SQL[info] E' stata eseguita la query: [ UPDATE index_fattura SET year='2016' ] dall'utente di dominio [ gabriele.paolillo ]
Jan 05 17:44:40|PEAR_LOG_SQL[info] E' stata eseguita la query: [ UPDATE index_ddt SET year='2016' ] dall'utente di dominio [ gabriele.paolillo ]
Jan 05 17:44:41|PEAR_LOG_SQL[info] E' stata eseguita la query: [ UPDATE index_fattura SET year='2016' ] dall'utente di dominio [ gabriele.paolillo ]
Jan 05 17:44:41|PEAR_LOG_SQL[info] E' stata eseguita la query: [ UPDATE index_ddt SET year='2016' ] dall'utente di dominio [ gabriele.paolillo ]
Jan 05 17:44:51|PEAR_LOG_SQL[info] E' stata eseguita la query: [ UPDATE index_fattura SET year='2016' ] dall'utente di dominio [ gabriele.paolillo ]
Jan 05 17:44:51|PEAR_LOG_SQL[info] E' stata eseguita la query: [ UPDATE index_ddt SET year='2016' ] dall'utente di dominio [ gabriele.paolillo ]
Jan 05 17:44:59|PEAR_LOG_SQL[info] E' stata eseguita la query: [ UPDATE index_fattura SET year='2016' ] dall'utente di dominio [ gabriele.paolillo ]
Jan 05 17:44:59|PEAR_LOG_SQL[info] E' stata eseguita la query: [ UPDATE index_ddt SET year='2016' ] dall'utente di dominio [ gabriele.paolillo ]
Jan 05 17:45:29|PEAR_LOG_SQL[info] E' stata eseguita la query: [ UPDATE index_fattura SET year='2016' ] dall'utente di dominio [  ]
Jan 05 17:45:29|PEAR_LOG_SQL[info] E' stata eseguita la query: [ UPDATE index_ddt SET year='2016' ] dall'utente di dominio [  ]
