Apr 10 14:37:34|PEAR_LOG_SQL[info] E' stata eseguita la query: [ UPDATE users SET id_type = 1,id_anag = 18,id_customer = 1,sconto_fornitori_nl = 15,sconto_fornitori_de = 12,username = 'siso',password = '78db288208c027abd8d6fce4b368c62da2afr24tg56r4r65wg',secret_question = NULL,secret_response = NULL,confirmation_code = NULL,last_access = '2015-04-10 14:37:34',data_inserimento_riga = '2011-06-14',data_modifica_riga = '2015-04-10',is_newsletter_subscribed = 0,is_t_c_accepted = '0',is_agent = '2',is_active = 1,operatore = 'siso' WHERE id = 1 ] dall'utente di dominio [  ] Utente di dominio: [  ] REMOTE PORT: [ 54320 ] REMOTE IP: [ 95.227.64.78 ] FULL DATE [ 10-04-2015 ]
Apr 10 14:42:42|PEAR_LOG_SQL[info] E' stata eseguita la query: [ INSERT INTO users_anag (id,name,surname,email,address,address_secondary,city,province,nation,cap,phone,mobile,sex,p_iva,codice_fiscale,name_spedizione,surname_spedizione,address_spedizione,address_secondary_spedizione,city_spedizione,province_spedizione,nation_spedizione,cap_spedizione,test,settore_merceologico) VALUES (1731,'Giuseppe','Roberti','',NULL,NULL,NULL,NULL,NULL,NULL,NULL,NULL,NULL,NULL,NULL,NULL,NULL,NULL,NULL,NULL,NULL,NULL,NULL,NULL,NULL) ] dall'utente di dominio [ siso ] Utente di dominio: [ siso ] REMOTE PORT: [ 54380 ] REMOTE IP: [ 95.227.64.78 ] FULL DATE [ 10-04-2015 ]
Apr 10 14:42:42|PEAR_LOG_SQL[info] E' stata eseguita la query: [ INSERT INTO users (id,id_type,id_anag,id_customer,sconto_fornitori_nl,sconto_fornitori_de,username,password,secret_question,secret_response,confirmation_code,last_access,data_inserimento_riga,data_modifica_riga,is_newsletter_subscribed,is_t_c_accepted,is_agent,is_active,operatore) VALUES (89,3,1731,NULL,NULL,NULL,'giuseppe','353f9bfab2d01dbb1db343fdaf9ab02ea2afr24tg56r4r65wg',NULL,NULL,NULL,NULL,'2015-04-10','2015-04-10',NULL,NULL,NULL,0,'siso') ] dall'utente di dominio [ siso ]
Apr 10 14:42:42|PEAR_LOG_SQL[info] E' stata eseguita la query: [ UPDATE users SET id_type = 3,id_anag = 1731,id_customer = NULL,sconto_fornitori_nl = NULL,sconto_fornitori_de = NULL,username = 'giuseppe',password = '353f9bfab2d01dbb1db343fdaf9ab02ea2afr24tg56r4r65wg',secret_question = NULL,secret_response = NULL,confirmation_code = NULL,last_access = NULL,data_inserimento_riga = '2015-04-10',data_modifica_riga = '2015-04-10',is_newsletter_subscribed = NULL,is_t_c_accepted = NULL,is_agent = NULL,is_active = 1,operatore = 'siso' WHERE id = 89 ] dall'utente di dominio [ siso ]
Apr 10 14:42:57|PEAR_LOG_SQL[info] E' stata eseguita la query: [ UPDATE users SET id_type = 3,id_anag = 1731,id_customer = NULL,sconto_fornitori_nl = NULL,sconto_fornitori_de = NULL,username = 'giuseppe',password = '353f9bfab2d01dbb1db343fdaf9ab02ea2afr24tg56r4r65wg',secret_question = NULL,secret_response = NULL,confirmation_code = NULL,last_access = NULL,data_inserimento_riga = '2015-04-10',data_modifica_riga = '2015-04-10',is_newsletter_subscribed = NULL,is_t_c_accepted = NULL,is_agent = '1',is_active = 1,operatore = 'siso' WHERE id = 89 ] dall'utente di dominio [ siso ]
Apr 10 14:43:55|PEAR_LOG_SQL[info] E' stata eseguita la query: [ UPDATE users SET id_type = 3,id_anag = 1731,id_customer = NULL,sconto_fornitori_nl = NULL,sconto_fornitori_de = NULL,username = 'giuseppe',password = '353f9bfab2d01dbb1db343fdaf9ab02ea2afr24tg56r4r65wg',secret_question = NULL,secret_response = NULL,confirmation_code = NULL,last_access = NULL,data_inserimento_riga = '2015-04-10',data_modifica_riga = '2015-04-10',is_newsletter_subscribed = NULL,is_t_c_accepted = NULL,is_agent = '5',is_active = 1,operatore = 'siso' WHERE id = 89 ] dall'utente di dominio [ siso ]
Apr 10 14:45:08|PEAR_LOG_SQL[info] E' stata eseguita la query: [ UPDATE users SET id_type = 3,id_anag = 1731,id_customer = 230,sconto_fornitori_nl = NULL,sconto_fornitori_de = NULL,username = 'giuseppe',password = '353f9bfab2d01dbb1db343fdaf9ab02ea2afr24tg56r4r65wg',secret_question = NULL,secret_response = NULL,confirmation_code = NULL,last_access = NULL,data_inserimento_riga = '2015-04-10',data_modifica_riga = '2015-04-10',is_newsletter_subscribed = NULL,is_t_c_accepted = NULL,is_agent = '5',is_active = 1,operatore = 'siso' WHERE id = 89 ] dall'utente di dominio [ siso ]
Apr 10 14:45:34|PEAR_LOG_SQL[info] E' stata eseguita la query: [ UPDATE users SET is_active = 0 WHERE id = 89 ] dall'utente di dominio [ siso ] Utente di dominio: [ siso ] REMOTE PORT: [ 54416 ] REMOTE IP: [ 95.227.64.78 ] FULL DATE [ 10-04-2015 ]
Apr 10 15:43:13|PEAR_LOG_SQL[info] E' stata eseguita la query: [ UPDATE users SET id_type = 1,id_anag = 18,id_customer = 1,sconto_fornitori_nl = 15,sconto_fornitori_de = 12,username = 'siso',password = '78db288208c027abd8d6fce4b368c62da2afr24tg56r4r65wg',secret_question = NULL,secret_response = NULL,confirmation_code = NULL,last_access = '2015-04-10 15:43:13',data_inserimento_riga = '2011-06-14',data_modifica_riga = '2015-04-10',is_newsletter_subscribed = 0,is_t_c_accepted = '0',is_agent = '2',is_active = 1,operatore = 'siso' WHERE id = 1 ] dall'utente di dominio [  ] Utente di dominio: [  ] REMOTE PORT: [ 55228 ] REMOTE IP: [ 95.227.64.78 ] FULL DATE [ 10-04-2015 ]
Apr 10 15:43:25|PEAR_LOG_SQL[info] E' stata eseguita la query: [ UPDATE setup SET is_active = 0 WHERE id = 32 ] dall'utente di dominio [ siso ]
Apr 10 15:44:24|PEAR_LOG_SQL[info] E' stata eseguita la query: [ UPDATE setup SET name = '40',description = '260',field_name = 'altezza_carrello',is_active = '1',operatore = 'siso' WHERE id = 34 ] dall'utente di dominio [ siso ]
Apr 10 15:44:24|PEAR_LOG_SQL[info] E' stata eseguita la query: [ UPDATE setup SET name = '40',description = '125',field_name = 'larghezza_carrello',is_active = '1',operatore = 'siso' WHERE id = 35 ] dall'utente di dominio [ siso ]
Apr 10 15:44:24|PEAR_LOG_SQL[info] E' stata eseguita la query: [ UPDATE setup SET name = '70',description = '56.5',field_name = 'profondita_carrello',is_active = '1',operatore = 'siso' WHERE id = 36 ] dall'utente di dominio [ siso ]
Apr 10 15:44:24|PEAR_LOG_SQL[info] E' stata eseguita la query: [ UPDATE setup SET name = '9',description = NULL,field_name = 'spese_spedizione',is_active = '1',operatore = 'siso' WHERE id = 30 ] dall'utente di dominio [ siso ]
Apr 10 15:44:24|PEAR_LOG_SQL[info] E' stata eseguita la query: [ UPDATE setup SET name = '40',description = '260',field_name = 'altezza_carrello',is_active = '1',operatore = 'siso' WHERE id = 34 ] dall'utente di dominio [ siso ]
Apr 10 15:44:24|PEAR_LOG_SQL[info] E' stata eseguita la query: [ UPDATE setup SET name = '40',description = '125',field_name = 'larghezza_carrello',is_active = '1',operatore = 'siso' WHERE id = 35 ] dall'utente di dominio [ siso ]
Apr 10 15:44:24|PEAR_LOG_SQL[info] E' stata eseguita la query: [ UPDATE setup SET name = '70',description = '56.5',field_name = 'profondita_carrello',is_active = '1',operatore = 'siso' WHERE id = 36 ] dall'utente di dominio [ siso ]
Apr 10 15:44:24|PEAR_LOG_SQL[info] E' stata eseguita la query: [ UPDATE setup SET name = '9',description = NULL,field_name = 'spese_spedizione',is_active = '1',operatore = 'siso' WHERE id = 30 ] dall'utente di dominio [ siso ]
Apr 10 15:44:24|PEAR_LOG_SQL[info] E' stata eseguita la query: [ UPDATE setup SET name = '40',description = '260',field_name = 'altezza_carrello',is_active = '1',operatore = 'siso' WHERE id = 34 ] dall'utente di dominio [ siso ]
Apr 10 15:44:24|PEAR_LOG_SQL[info] E' stata eseguita la query: [ UPDATE setup SET name = '40',description = '125',field_name = 'larghezza_carrello',is_active = '1',operatore = 'siso' WHERE id = 35 ] dall'utente di dominio [ siso ]
Apr 10 15:44:24|PEAR_LOG_SQL[info] E' stata eseguita la query: [ UPDATE setup SET name = '70',description = '56.5',field_name = 'profondita_carrello',is_active = '1',operatore = 'siso' WHERE id = 36 ] dall'utente di dominio [ siso ]
Apr 10 15:44:24|PEAR_LOG_SQL[info] E' stata eseguita la query: [ UPDATE setup SET name = '9',description = NULL,field_name = 'spese_spedizione',is_active = '1',operatore = 'siso' WHERE id = 30 ] dall'utente di dominio [ siso ]
Apr 10 15:44:24|PEAR_LOG_SQL[info] E' stata eseguita la query: [ UPDATE setup SET name = '40',description = '260',field_name = 'altezza_carrello',is_active = '1',operatore = 'siso' WHERE id = 34 ] dall'utente di dominio [ siso ]
Apr 10 15:44:24|PEAR_LOG_SQL[info] E' stata eseguita la query: [ UPDATE setup SET name = '40',description = '125',field_name = 'larghezza_carrello',is_active = '1',operatore = 'siso' WHERE id = 35 ] dall'utente di dominio [ siso ]
Apr 10 15:44:24|PEAR_LOG_SQL[info] E' stata eseguita la query: [ UPDATE setup SET name = '70',description = '56.5',field_name = 'profondita_carrello',is_active = '1',operatore = 'siso' WHERE id = 36 ] dall'utente di dominio [ siso ]
Apr 10 15:44:24|PEAR_LOG_SQL[info] E' stata eseguita la query: [ UPDATE setup SET name = '9',description = NULL,field_name = 'spese_spedizione',is_active = '1',operatore = 'siso' WHERE id = 30 ] dall'utente di dominio [ siso ]
Apr 10 15:44:24|PEAR_LOG_SQL[info] E' stata eseguita la query: [ UPDATE setup SET name = '40',description = '260',field_name = 'altezza_carrello',is_active = '1',operatore = 'siso' WHERE id = 34 ] dall'utente di dominio [ siso ]
Apr 10 15:44:24|PEAR_LOG_SQL[info] E' stata eseguita la query: [ UPDATE setup SET name = '40',description = '125',field_name = 'larghezza_carrello',is_active = '1',operatore = 'siso' WHERE id = 35 ] dall'utente di dominio [ siso ]
Apr 10 15:44:24|PEAR_LOG_SQL[info] E' stata eseguita la query: [ UPDATE setup SET name = '70',description = '56.5',field_name = 'profondita_carrello',is_active = '1',operatore = 'siso' WHERE id = 36 ] dall'utente di dominio [ siso ]
Apr 10 15:44:24|PEAR_LOG_SQL[info] E' stata eseguita la query: [ UPDATE setup SET name = '9',description = NULL,field_name = 'spese_spedizione',is_active = '1',operatore = 'siso' WHERE id = 30 ] dall'utente di dominio [ siso ]
Apr 10 15:44:24|PEAR_LOG_SQL[info] E' stata eseguita la query: [ UPDATE setup SET name = '40',description = '260',field_name = 'altezza_carrello',is_active = '1',operatore = 'siso' WHERE id = 34 ] dall'utente di dominio [ siso ]
Apr 10 15:44:24|PEAR_LOG_SQL[info] E' stata eseguita la query: [ UPDATE setup SET name = '40',description = '125',field_name = 'larghezza_carrello',is_active = '1',operatore = 'siso' WHERE id = 35 ] dall'utente di dominio [ siso ]
Apr 10 15:44:24|PEAR_LOG_SQL[info] E' stata eseguita la query: [ UPDATE setup SET name = '70',description = '56.5',field_name = 'profondita_carrello',is_active = '1',operatore = 'siso' WHERE id = 36 ] dall'utente di dominio [ siso ]
Apr 10 15:44:24|PEAR_LOG_SQL[info] E' stata eseguita la query: [ UPDATE setup SET name = '9',description = NULL,field_name = 'spese_spedizione',is_active = '1',operatore = 'siso' WHERE id = 30 ] dall'utente di dominio [ siso ]
Apr 10 15:44:24|PEAR_LOG_SQL[info] E' stata eseguita la query: [ UPDATE setup SET name = 'BONIFICO',description = NULL,field_name = 'payment_type',is_active = '1',operatore = 'siso' WHERE id = 2 ] dall'utente di dominio [ siso ]
Apr 10 15:44:24|PEAR_LOG_SQL[info] E' stata eseguita la query: [ UPDATE setup SET name = 'CONTRASSEGNO',description = NULL,field_name = 'payment_type',is_active = '1',operatore = 'siso' WHERE id = 37 ] dall'utente di dominio [ siso ]
Apr 10 15:44:24|PEAR_LOG_SQL[info] E' stata eseguita la query: [ UPDATE setup SET name = '40',description = '260',field_name = 'altezza_carrello',is_active = '1',operatore = 'siso' WHERE id = 34 ] dall'utente di dominio [ siso ]
Apr 10 15:44:24|PEAR_LOG_SQL[info] E' stata eseguita la query: [ UPDATE setup SET name = '40',description = '125',field_name = 'larghezza_carrello',is_active = '1',operatore = 'siso' WHERE id = 35 ] dall'utente di dominio [ siso ]
Apr 10 15:44:24|PEAR_LOG_SQL[info] E' stata eseguita la query: [ UPDATE setup SET name = '70',description = '56.5',field_name = 'profondita_carrello',is_active = '1',operatore = 'siso' WHERE id = 36 ] dall'utente di dominio [ siso ]
Apr 10 15:44:24|PEAR_LOG_SQL[info] E' stata eseguita la query: [ UPDATE setup SET name = '9',description = NULL,field_name = 'spese_spedizione',is_active = '1',operatore = 'siso' WHERE id = 30 ] dall'utente di dominio [ siso ]
Apr 10 15:44:24|PEAR_LOG_SQL[info] E' stata eseguita la query: [ UPDATE setup SET name = '40',description = '260',field_name = 'altezza_carrello',is_active = '1',operatore = 'siso' WHERE id = 34 ] dall'utente di dominio [ siso ]
Apr 10 15:44:24|PEAR_LOG_SQL[info] E' stata eseguita la query: [ UPDATE setup SET name = '40',description = '125',field_name = 'larghezza_carrello',is_active = '1',operatore = 'siso' WHERE id = 35 ] dall'utente di dominio [ siso ]
Apr 10 15:44:24|PEAR_LOG_SQL[info] E' stata eseguita la query: [ UPDATE setup SET name = '70',description = '56.5',field_name = 'profondita_carrello',is_active = '1',operatore = 'siso' WHERE id = 36 ] dall'utente di dominio [ siso ]
Apr 10 15:44:24|PEAR_LOG_SQL[info] E' stata eseguita la query: [ UPDATE setup SET name = '9',description = NULL,field_name = 'spese_spedizione',is_active = '1',operatore = 'siso' WHERE id = 30 ] dall'utente di dominio [ siso ]
Apr 10 15:44:24|PEAR_LOG_SQL[info] E' stata eseguita la query: [ UPDATE setup SET name = '40',description = '260',field_name = 'altezza_carrello',is_active = '1',operatore = 'siso' WHERE id = 34 ] dall'utente di dominio [ siso ]
Apr 10 15:44:24|PEAR_LOG_SQL[info] E' stata eseguita la query: [ UPDATE setup SET name = '40',description = '125',field_name = 'larghezza_carrello',is_active = '1',operatore = 'siso' WHERE id = 35 ] dall'utente di dominio [ siso ]
Apr 10 15:44:24|PEAR_LOG_SQL[info] E' stata eseguita la query: [ UPDATE setup SET name = '70',description = '56.5',field_name = 'profondita_carrello',is_active = '1',operatore = 'siso' WHERE id = 36 ] dall'utente di dominio [ siso ]
Apr 10 15:44:24|PEAR_LOG_SQL[info] E' stata eseguita la query: [ UPDATE setup SET name = '9',description = NULL,field_name = 'spese_spedizione',is_active = '1',operatore = 'siso' WHERE id = 30 ] dall'utente di dominio [ siso ]
Apr 10 15:44:24|PEAR_LOG_SQL[info] E' stata eseguita la query: [ UPDATE setup SET name = '40',description = '260',field_name = 'altezza_carrello',is_active = '1',operatore = 'siso' WHERE id = 34 ] dall'utente di dominio [ siso ]
Apr 10 15:44:24|PEAR_LOG_SQL[info] E' stata eseguita la query: [ UPDATE setup SET name = '40',description = '125',field_name = 'larghezza_carrello',is_active = '1',operatore = 'siso' WHERE id = 35 ] dall'utente di dominio [ siso ]
Apr 10 15:44:24|PEAR_LOG_SQL[info] E' stata eseguita la query: [ UPDATE setup SET name = '70',description = '56.5',field_name = 'profondita_carrello',is_active = '1',operatore = 'siso' WHERE id = 36 ] dall'utente di dominio [ siso ]
Apr 10 15:44:24|PEAR_LOG_SQL[info] E' stata eseguita la query: [ UPDATE setup SET name = '9',description = NULL,field_name = 'spese_spedizione',is_active = '1',operatore = 'siso' WHERE id = 30 ] dall'utente di dominio [ siso ]
Apr 10 15:44:24|PEAR_LOG_SQL[info] E' stata eseguita la query: [ UPDATE setup SET name = '40',description = '260',field_name = 'altezza_carrello',is_active = '1',operatore = 'siso' WHERE id = 34 ] dall'utente di dominio [ siso ]
Apr 10 15:44:24|PEAR_LOG_SQL[info] E' stata eseguita la query: [ UPDATE setup SET name = '40',description = '125',field_name = 'larghezza_carrello',is_active = '1',operatore = 'siso' WHERE id = 35 ] dall'utente di dominio [ siso ]
Apr 10 15:44:24|PEAR_LOG_SQL[info] E' stata eseguita la query: [ UPDATE setup SET name = '70',description = '56.5',field_name = 'profondita_carrello',is_active = '1',operatore = 'siso' WHERE id = 36 ] dall'utente di dominio [ siso ]
Apr 10 15:44:24|PEAR_LOG_SQL[info] E' stata eseguita la query: [ UPDATE setup SET name = '9',description = NULL,field_name = 'spese_spedizione',is_active = '1',operatore = 'siso' WHERE id = 30 ] dall'utente di dominio [ siso ]
Apr 10 15:44:24|PEAR_LOG_SQL[info] E' stata eseguita la query: [ UPDATE users_type SET name = 'Amministratore',description = 'Amministratore',permessi = 'ecommerce@1|CambioLogo@1|Setup@1|Utenti@1|Clienti@1|Fornitori@1' WHERE id = 1 ] dall'utente di dominio [ siso ]
Apr 10 15:44:24|PEAR_LOG_SQL[info] E' stata eseguita la query: [ UPDATE users_type SET name = 'Pubblico',description = 'Pubblico',permessi = 'ecommerce@0|CambioLogo@0|Setup@0|Utenti@0|Clienti@0|Fornitori@0' WHERE id = 3 ] dall'utente di dominio [ siso ]
Apr 10 15:44:24|PEAR_LOG_SQL[info] E' stata eseguita la query: [ UPDATE users_type SET name = 'Fornitore',description = 'Fornitore',permessi = 'ecommerce@0|CambioLogo@0|Setup@0|Utenti@0|Clienti@0|Fornitori@0' WHERE id = 4 ] dall'utente di dominio [ siso ]
Apr 10 15:44:24|PEAR_LOG_SQL[info] E' stata eseguita la query: [ UPDATE setup SET name = '40',description = '260',field_name = 'altezza_carrello',is_active = '1',operatore = 'siso' WHERE id = 34 ] dall'utente di dominio [ siso ]
Apr 10 15:44:24|PEAR_LOG_SQL[info] E' stata eseguita la query: [ UPDATE setup SET name = '40',description = '125',field_name = 'larghezza_carrello',is_active = '1',operatore = 'siso' WHERE id = 35 ] dall'utente di dominio [ siso ]
Apr 10 15:44:24|PEAR_LOG_SQL[info] E' stata eseguita la query: [ UPDATE setup SET name = '70',description = '56.5',field_name = 'profondita_carrello',is_active = '1',operatore = 'siso' WHERE id = 36 ] dall'utente di dominio [ siso ]
Apr 10 15:44:24|PEAR_LOG_SQL[info] E' stata eseguita la query: [ UPDATE setup SET name = '9',description = NULL,field_name = 'spese_spedizione',is_active = '1',operatore = 'siso' WHERE id = 30 ] dall'utente di dominio [ siso ]
Apr 10 15:44:31|PEAR_LOG_SQL[info] E' stata eseguita la query: [ UPDATE setup SET name = '40',description = '260',field_name = 'altezza_carrello',is_active = '1',operatore = 'siso' WHERE id = 34 ] dall'utente di dominio [ siso ]
Apr 10 15:44:31|PEAR_LOG_SQL[info] E' stata eseguita la query: [ UPDATE setup SET name = '40',description = '125',field_name = 'larghezza_carrello',is_active = '1',operatore = 'siso' WHERE id = 35 ] dall'utente di dominio [ siso ]
Apr 10 15:44:31|PEAR_LOG_SQL[info] E' stata eseguita la query: [ UPDATE setup SET name = '70',description = '56.5',field_name = 'profondita_carrello',is_active = '1',operatore = 'siso' WHERE id = 36 ] dall'utente di dominio [ siso ]
Apr 10 15:44:31|PEAR_LOG_SQL[info] E' stata eseguita la query: [ UPDATE setup SET name = '9',description = NULL,field_name = 'spese_spedizione',is_active = '1',operatore = 'siso' WHERE id = 30 ] dall'utente di dominio [ siso ]
Apr 10 15:44:31|PEAR_LOG_SQL[info] E' stata eseguita la query: [ UPDATE setup SET name = '40',description = '260',field_name = 'altezza_carrello',is_active = '1',operatore = 'siso' WHERE id = 34 ] dall'utente di dominio [ siso ]
Apr 10 15:44:31|PEAR_LOG_SQL[info] E' stata eseguita la query: [ UPDATE setup SET name = '40',description = '125',field_name = 'larghezza_carrello',is_active = '1',operatore = 'siso' WHERE id = 35 ] dall'utente di dominio [ siso ]
Apr 10 15:44:31|PEAR_LOG_SQL[info] E' stata eseguita la query: [ UPDATE setup SET name = '70',description = '56.5',field_name = 'profondita_carrello',is_active = '1',operatore = 'siso' WHERE id = 36 ] dall'utente di dominio [ siso ]
Apr 10 15:44:31|PEAR_LOG_SQL[info] E' stata eseguita la query: [ UPDATE setup SET name = '9',description = NULL,field_name = 'spese_spedizione',is_active = '1',operatore = 'siso' WHERE id = 30 ] dall'utente di dominio [ siso ]
Apr 10 15:44:31|PEAR_LOG_SQL[info] E' stata eseguita la query: [ UPDATE setup SET name = '40',description = '260',field_name = 'altezza_carrello',is_active = '1',operatore = 'siso' WHERE id = 34 ] dall'utente di dominio [ siso ]
Apr 10 15:44:31|PEAR_LOG_SQL[info] E' stata eseguita la query: [ UPDATE setup SET name = '40',description = '125',field_name = 'larghezza_carrello',is_active = '1',operatore = 'siso' WHERE id = 35 ] dall'utente di dominio [ siso ]
Apr 10 15:44:31|PEAR_LOG_SQL[info] E' stata eseguita la query: [ UPDATE setup SET name = '70',description = '56.5',field_name = 'profondita_carrello',is_active = '1',operatore = 'siso' WHERE id = 36 ] dall'utente di dominio [ siso ]
Apr 10 15:44:31|PEAR_LOG_SQL[info] E' stata eseguita la query: [ UPDATE setup SET name = '9',description = NULL,field_name = 'spese_spedizione',is_active = '1',operatore = 'siso' WHERE id = 30 ] dall'utente di dominio [ siso ]
Apr 10 15:44:31|PEAR_LOG_SQL[info] E' stata eseguita la query: [ UPDATE setup SET name = '40',description = '260',field_name = 'altezza_carrello',is_active = '1',operatore = 'siso' WHERE id = 34 ] dall'utente di dominio [ siso ]
Apr 10 15:44:31|PEAR_LOG_SQL[info] E' stata eseguita la query: [ UPDATE setup SET name = '40',description = '125',field_name = 'larghezza_carrello',is_active = '1',operatore = 'siso' WHERE id = 35 ] dall'utente di dominio [ siso ]
Apr 10 15:44:31|PEAR_LOG_SQL[info] E' stata eseguita la query: [ UPDATE setup SET name = '70',description = '56.5',field_name = 'profondita_carrello',is_active = '1',operatore = 'siso' WHERE id = 36 ] dall'utente di dominio [ siso ]
Apr 10 15:44:31|PEAR_LOG_SQL[info] E' stata eseguita la query: [ UPDATE setup SET name = '9',description = NULL,field_name = 'spese_spedizione',is_active = '1',operatore = 'siso' WHERE id = 30 ] dall'utente di dominio [ siso ]
Apr 10 15:44:31|PEAR_LOG_SQL[info] E' stata eseguita la query: [ UPDATE setup SET name = '40',description = '260',field_name = 'altezza_carrello',is_active = '1',operatore = 'siso' WHERE id = 34 ] dall'utente di dominio [ siso ]
Apr 10 15:44:31|PEAR_LOG_SQL[info] E' stata eseguita la query: [ UPDATE setup SET name = '40',description = '125',field_name = 'larghezza_carrello',is_active = '1',operatore = 'siso' WHERE id = 35 ] dall'utente di dominio [ siso ]
Apr 10 15:44:31|PEAR_LOG_SQL[info] E' stata eseguita la query: [ UPDATE setup SET name = '70',description = '56.5',field_name = 'profondita_carrello',is_active = '1',operatore = 'siso' WHERE id = 36 ] dall'utente di dominio [ siso ]
Apr 10 15:44:31|PEAR_LOG_SQL[info] E' stata eseguita la query: [ UPDATE setup SET name = '9',description = NULL,field_name = 'spese_spedizione',is_active = '1',operatore = 'siso' WHERE id = 30 ] dall'utente di dominio [ siso ]
Apr 10 15:44:31|PEAR_LOG_SQL[info] E' stata eseguita la query: [ UPDATE setup SET name = '40',description = '260',field_name = 'altezza_carrello',is_active = '1',operatore = 'siso' WHERE id = 34 ] dall'utente di dominio [ siso ]
Apr 10 15:44:31|PEAR_LOG_SQL[info] E' stata eseguita la query: [ UPDATE setup SET name = '40',description = '125',field_name = 'larghezza_carrello',is_active = '1',operatore = 'siso' WHERE id = 35 ] dall'utente di dominio [ siso ]
Apr 10 15:44:31|PEAR_LOG_SQL[info] E' stata eseguita la query: [ UPDATE setup SET name = '70',description = '56.5',field_name = 'profondita_carrello',is_active = '1',operatore = 'siso' WHERE id = 36 ] dall'utente di dominio [ siso ]
Apr 10 15:44:31|PEAR_LOG_SQL[info] E' stata eseguita la query: [ UPDATE setup SET name = '9',description = NULL,field_name = 'spese_spedizione',is_active = '1',operatore = 'siso' WHERE id = 30 ] dall'utente di dominio [ siso ]
Apr 10 15:44:31|PEAR_LOG_SQL[info] E' stata eseguita la query: [ UPDATE setup SET name = 'BONIFICO',description = NULL,field_name = 'payment_type',is_active = '1',operatore = 'siso' WHERE id = 2 ] dall'utente di dominio [ siso ]
Apr 10 15:44:31|PEAR_LOG_SQL[info] E' stata eseguita la query: [ UPDATE setup SET name = 'CONTRASSEGNO',description = NULL,field_name = 'payment_type',is_active = '1',operatore = 'siso' WHERE id = 37 ] dall'utente di dominio [ siso ]
Apr 10 15:44:31|PEAR_LOG_SQL[info] E' stata eseguita la query: [ UPDATE setup SET name = '40',description = '260',field_name = 'altezza_carrello',is_active = '1',operatore = 'siso' WHERE id = 34 ] dall'utente di dominio [ siso ]
Apr 10 15:44:31|PEAR_LOG_SQL[info] E' stata eseguita la query: [ UPDATE setup SET name = '40',description = '125',field_name = 'larghezza_carrello',is_active = '1',operatore = 'siso' WHERE id = 35 ] dall'utente di dominio [ siso ]
Apr 10 15:44:31|PEAR_LOG_SQL[info] E' stata eseguita la query: [ UPDATE setup SET name = '70',description = '56.5',field_name = 'profondita_carrello',is_active = '1',operatore = 'siso' WHERE id = 36 ] dall'utente di dominio [ siso ]
Apr 10 15:44:31|PEAR_LOG_SQL[info] E' stata eseguita la query: [ UPDATE setup SET name = '9',description = NULL,field_name = 'spese_spedizione',is_active = '1',operatore = 'siso' WHERE id = 30 ] dall'utente di dominio [ siso ]
Apr 10 15:44:31|PEAR_LOG_SQL[info] E' stata eseguita la query: [ UPDATE setup SET name = '40',description = '260',field_name = 'altezza_carrello',is_active = '1',operatore = 'siso' WHERE id = 34 ] dall'utente di dominio [ siso ]
Apr 10 15:44:31|PEAR_LOG_SQL[info] E' stata eseguita la query: [ UPDATE setup SET name = '40',description = '125',field_name = 'larghezza_carrello',is_active = '1',operatore = 'siso' WHERE id = 35 ] dall'utente di dominio [ siso ]
Apr 10 15:44:31|PEAR_LOG_SQL[info] E' stata eseguita la query: [ UPDATE setup SET name = '70',description = '56.5',field_name = 'profondita_carrello',is_active = '1',operatore = 'siso' WHERE id = 36 ] dall'utente di dominio [ siso ]
Apr 10 15:44:31|PEAR_LOG_SQL[info] E' stata eseguita la query: [ UPDATE setup SET name = '9',description = NULL,field_name = 'spese_spedizione',is_active = '1',operatore = 'siso' WHERE id = 30 ] dall'utente di dominio [ siso ]
Apr 10 15:44:31|PEAR_LOG_SQL[info] E' stata eseguita la query: [ UPDATE setup SET name = '40',description = '260',field_name = 'altezza_carrello',is_active = '1',operatore = 'siso' WHERE id = 34 ] dall'utente di dominio [ siso ]
Apr 10 15:44:31|PEAR_LOG_SQL[info] E' stata eseguita la query: [ UPDATE setup SET name = '40',description = '125',field_name = 'larghezza_carrello',is_active = '1',operatore = 'siso' WHERE id = 35 ] dall'utente di dominio [ siso ]
Apr 10 15:44:31|PEAR_LOG_SQL[info] E' stata eseguita la query: [ UPDATE setup SET name = '70',description = '56.5',field_name = 'profondita_carrello',is_active = '1',operatore = 'siso' WHERE id = 36 ] dall'utente di dominio [ siso ]
Apr 10 15:44:31|PEAR_LOG_SQL[info] E' stata eseguita la query: [ UPDATE setup SET name = '9',description = NULL,field_name = 'spese_spedizione',is_active = '1',operatore = 'siso' WHERE id = 30 ] dall'utente di dominio [ siso ]
Apr 10 15:44:31|PEAR_LOG_SQL[info] E' stata eseguita la query: [ UPDATE setup SET name = '40',description = '260',field_name = 'altezza_carrello',is_active = '1',operatore = 'siso' WHERE id = 34 ] dall'utente di dominio [ siso ]
Apr 10 15:44:31|PEAR_LOG_SQL[info] E' stata eseguita la query: [ UPDATE setup SET name = '40',description = '125',field_name = 'larghezza_carrello',is_active = '1',operatore = 'siso' WHERE id = 35 ] dall'utente di dominio [ siso ]
Apr 10 15:44:31|PEAR_LOG_SQL[info] E' stata eseguita la query: [ UPDATE setup SET name = '70',description = '56.5',field_name = 'profondita_carrello',is_active = '1',operatore = 'siso' WHERE id = 36 ] dall'utente di dominio [ siso ]
Apr 10 15:44:31|PEAR_LOG_SQL[info] E' stata eseguita la query: [ UPDATE setup SET name = '9',description = NULL,field_name = 'spese_spedizione',is_active = '1',operatore = 'siso' WHERE id = 30 ] dall'utente di dominio [ siso ]
Apr 10 15:44:31|PEAR_LOG_SQL[info] E' stata eseguita la query: [ UPDATE setup SET name = '40',description = '260',field_name = 'altezza_carrello',is_active = '1',operatore = 'siso' WHERE id = 34 ] dall'utente di dominio [ siso ]
Apr 10 15:44:31|PEAR_LOG_SQL[info] E' stata eseguita la query: [ UPDATE setup SET name = '40',description = '125',field_name = 'larghezza_carrello',is_active = '1',operatore = 'siso' WHERE id = 35 ] dall'utente di dominio [ siso ]
Apr 10 15:44:31|PEAR_LOG_SQL[info] E' stata eseguita la query: [ UPDATE setup SET name = '70',description = '56.5',field_name = 'profondita_carrello',is_active = '1',operatore = 'siso' WHERE id = 36 ] dall'utente di dominio [ siso ]
Apr 10 15:44:31|PEAR_LOG_SQL[info] E' stata eseguita la query: [ UPDATE setup SET name = '9',description = NULL,field_name = 'spese_spedizione',is_active = '1',operatore = 'siso' WHERE id = 30 ] dall'utente di dominio [ siso ]
Apr 10 15:44:31|PEAR_LOG_SQL[info] E' stata eseguita la query: [ UPDATE users_type SET name = 'Amministratore',description = 'Amministratore',permessi = 'ecommerce@1|CambioLogo@1|Setup@1|Utenti@1|Clienti@1|Fornitori@1' WHERE id = 1 ] dall'utente di dominio [ siso ]
Apr 10 15:44:31|PEAR_LOG_SQL[info] E' stata eseguita la query: [ UPDATE users_type SET name = 'Pubblico',description = 'Pubblico',permessi = 'ecommerce@0|CambioLogo@0|Setup@0|Utenti@0|Clienti@0|Fornitori@0' WHERE id = 3 ] dall'utente di dominio [ siso ]
Apr 10 15:44:31|PEAR_LOG_SQL[info] E' stata eseguita la query: [ UPDATE users_type SET name = 'Fornitore',description = 'Fornitore',permessi = 'ecommerce@0|CambioLogo@0|Setup@0|Utenti@0|Clienti@0|Fornitori@0' WHERE id = 4 ] dall'utente di dominio [ siso ]
Apr 10 15:44:31|PEAR_LOG_SQL[info] E' stata eseguita la query: [ UPDATE setup SET name = '40',description = '260',field_name = 'altezza_carrello',is_active = '1',operatore = 'siso' WHERE id = 34 ] dall'utente di dominio [ siso ]
Apr 10 15:44:31|PEAR_LOG_SQL[info] E' stata eseguita la query: [ UPDATE setup SET name = '40',description = '125',field_name = 'larghezza_carrello',is_active = '1',operatore = 'siso' WHERE id = 35 ] dall'utente di dominio [ siso ]
Apr 10 15:44:31|PEAR_LOG_SQL[info] E' stata eseguita la query: [ UPDATE setup SET name = '70',description = '56.5',field_name = 'profondita_carrello',is_active = '1',operatore = 'siso' WHERE id = 36 ] dall'utente di dominio [ siso ]
Apr 10 15:44:31|PEAR_LOG_SQL[info] E' stata eseguita la query: [ UPDATE setup SET name = '9',description = NULL,field_name = 'spese_spedizione',is_active = '1',operatore = 'siso' WHERE id = 30 ] dall'utente di dominio [ siso ]
Apr 10 15:47:13|PEAR_LOG_SQL[info] E' stata eseguita la query: [ INSERT INTO users_anag (id,name,surname,email,address,address_secondary,city,province,nation,cap,phone,mobile,sex,p_iva,codice_fiscale,name_spedizione,surname_spedizione,address_spedizione,address_secondary_spedizione,city_spedizione,province_spedizione,nation_spedizione,cap_spedizione,test,settore_merceologico) VALUES (1732,'Giuseppe','Roberti','ROBERTISNC@ALICE.IT',NULL,NULL,NULL,NULL,NULL,NULL,NULL,NULL,NULL,NULL,NULL,NULL,NULL,NULL,NULL,NULL,NULL,NULL,NULL,NULL,NULL) ] dall'utente di dominio [ siso ] Utente di dominio: [ siso ] REMOTE PORT: [ 55295 ] REMOTE IP: [ 95.227.64.78 ] FULL DATE [ 10-04-2015 ]
Apr 10 15:47:13|PEAR_LOG_SQL[info] E' stata eseguita la query: [ INSERT INTO users (id,id_type,id_anag,id_customer,sconto_fornitori_nl,sconto_fornitori_de,username,password,secret_question,secret_response,confirmation_code,last_access,data_inserimento_riga,data_modifica_riga,is_newsletter_subscribed,is_t_c_accepted,is_agent,is_active,operatore) VALUES (90,3,1732,NULL,NULL,NULL,'giuseppe','353f9bfab2d01dbb1db343fdaf9ab02ea2afr24tg56r4r65wg',NULL,NULL,NULL,NULL,'2015-04-10','2015-04-10',NULL,NULL,NULL,0,'siso') ] dall'utente di dominio [ siso ]
Apr 10 15:47:13|PEAR_LOG_SQL[info] E' stata eseguita la query: [ UPDATE users SET id_type = 3,id_anag = 1732,id_customer = NULL,sconto_fornitori_nl = NULL,sconto_fornitori_de = NULL,username = 'giuseppe',password = '353f9bfab2d01dbb1db343fdaf9ab02ea2afr24tg56r4r65wg',secret_question = NULL,secret_response = NULL,confirmation_code = NULL,last_access = NULL,data_inserimento_riga = '2015-04-10',data_modifica_riga = '2015-04-10',is_newsletter_subscribed = NULL,is_t_c_accepted = NULL,is_agent = NULL,is_active = 1,operatore = 'siso' WHERE id = 90 ] dall'utente di dominio [ siso ]
Apr 10 15:47:55|PEAR_LOG_SQL[info] E' stata eseguita la query: [ UPDATE users SET id_type = 3,id_anag = 1732,id_customer = 230,sconto_fornitori_nl = NULL,sconto_fornitori_de = NULL,username = 'giuseppe',password = '353f9bfab2d01dbb1db343fdaf9ab02ea2afr24tg56r4r65wg',secret_question = NULL,secret_response = NULL,confirmation_code = NULL,last_access = NULL,data_inserimento_riga = '2015-04-10',data_modifica_riga = '2015-04-10',is_newsletter_subscribed = NULL,is_t_c_accepted = NULL,is_agent = NULL,is_active = 1,operatore = 'siso' WHERE id = 90 ] dall'utente di dominio [ siso ]
