Jan 20 13:16:19|PEAR_LOG_SQL[info] E' stata eseguita la query: [ UPDATE index_fattura SET year='2016' ] dall'utente di dominio [  ]
Jan 20 13:16:19|PEAR_LOG_SQL[info] E' stata eseguita la query: [ UPDATE index_ddt SET year='2016' ] dall'utente di dominio [  ]
Jan 20 13:16:24|PEAR_LOG_SQL[info] E' stata eseguita la query: [ UPDATE index_fattura SET year='2016' ] dall'utente di dominio [  ]
Jan 20 13:16:24|PEAR_LOG_SQL[info] E' stata eseguita la query: [ UPDATE index_ddt SET year='2016' ] dall'utente di dominio [  ]
Jan 20 13:16:26|PEAR_LOG_SQL[info] E' stata eseguita la query: [ UPDATE index_fattura SET year='2016' ] dall'utente di dominio [  ]
Jan 20 13:16:26|PEAR_LOG_SQL[info] E' stata eseguita la query: [ UPDATE index_ddt SET year='2016' ] dall'utente di dominio [  ]
Jan 20 13:16:26|PEAR_LOG_SQL[info] E' stata eseguita la query: [ UPDATE users SET id_type = 1,id_anag = 7095,id_customer = NULL,sconto_fornitori_nl = NULL,sconto_fornitori_de = NULL,username = 'gabriele.paolillo',password = '8bc674f8b3278ec1de6112accd643b4fa2afr24tg56r4r65wg',secret_question = NULL,secret_response = NULL,confirmation_code = NULL,last_access = '2016-01-20 13:16:26',data_inserimento_riga = '2015-11-06',data_modifica_riga = '2016-01-20',is_newsletter_subscribed = NULL,is_t_c_accepted = NULL,is_agent = NULL,is_active = 1,operatore = 'siso' WHERE id = 9 ] dall'utente di dominio [  ] Utente di dominio: [  ] REMOTE PORT: [ 50632 ] REMOTE IP: [ 5.87.60.16 ] FULL DATE [ 20-01-2016 ]
Jan 20 13:16:26|PEAR_LOG_SQL[info] E' stata eseguita la query: [ UPDATE index_fattura SET year='2016' ] dall'utente di dominio [ gabriele.paolillo ]
Jan 20 13:16:26|PEAR_LOG_SQL[info] E' stata eseguita la query: [ UPDATE index_ddt SET year='2016' ] dall'utente di dominio [ gabriele.paolillo ]
Jan 20 13:16:30|PEAR_LOG_SQL[info] E' stata eseguita la query: [ UPDATE index_fattura SET year='2016' ] dall'utente di dominio [ gabriele.paolillo ]
Jan 20 13:16:30|PEAR_LOG_SQL[info] E' stata eseguita la query: [ UPDATE index_ddt SET year='2016' ] dall'utente di dominio [ gabriele.paolillo ]
Jan 20 13:16:37|PEAR_LOG_SQL[info] E' stata eseguita la query: [ UPDATE index_fattura SET year='2016' ] dall'utente di dominio [ gabriele.paolillo ]
Jan 20 13:16:37|PEAR_LOG_SQL[info] E' stata eseguita la query: [ UPDATE index_ddt SET year='2016' ] dall'utente di dominio [ gabriele.paolillo ]
Jan 20 13:16:40|PEAR_LOG_SQL[info] E' stata eseguita la query: [ UPDATE index_fattura SET year='2016' ] dall'utente di dominio [ gabriele.paolillo ]
Jan 20 13:16:40|PEAR_LOG_SQL[info] E' stata eseguita la query: [ UPDATE index_ddt SET year='2016' ] dall'utente di dominio [ gabriele.paolillo ]
Jan 20 14:52:13|PEAR_LOG_SQL[info] E' stata eseguita la query: [ UPDATE index_fattura SET year='2016' ] dall'utente di dominio [  ]
Jan 20 14:52:13|PEAR_LOG_SQL[info] E' stata eseguita la query: [ UPDATE index_ddt SET year='2016' ] dall'utente di dominio [  ]
Jan 20 14:52:17|PEAR_LOG_SQL[info] E' stata eseguita la query: [ UPDATE index_fattura SET year='2016' ] dall'utente di dominio [  ]
Jan 20 14:52:17|PEAR_LOG_SQL[info] E' stata eseguita la query: [ UPDATE index_ddt SET year='2016' ] dall'utente di dominio [  ]
Jan 20 14:52:17|PEAR_LOG_SQL[info] E' stata eseguita la query: [ UPDATE users SET id_type = 1,id_anag = 7095,id_customer = NULL,sconto_fornitori_nl = NULL,sconto_fornitori_de = NULL,username = 'gabriele.paolillo',password = '8bc674f8b3278ec1de6112accd643b4fa2afr24tg56r4r65wg',secret_question = NULL,secret_response = NULL,confirmation_code = NULL,last_access = '2016-01-20 14:52:17',data_inserimento_riga = '2015-11-06',data_modifica_riga = '2016-01-20',is_newsletter_subscribed = NULL,is_t_c_accepted = NULL,is_agent = NULL,is_active = 1,operatore = 'siso' WHERE id = 9 ] dall'utente di dominio [  ] Utente di dominio: [  ] REMOTE PORT: [ 49964 ] REMOTE IP: [ 5.86.29.200 ] FULL DATE [ 20-01-2016 ]
Jan 20 14:52:17|PEAR_LOG_SQL[info] E' stata eseguita la query: [ UPDATE index_fattura SET year='2016' ] dall'utente di dominio [ gabriele.paolillo ]
Jan 20 14:52:17|PEAR_LOG_SQL[info] E' stata eseguita la query: [ UPDATE index_ddt SET year='2016' ] dall'utente di dominio [ gabriele.paolillo ]
Jan 20 14:52:21|PEAR_LOG_SQL[info] E' stata eseguita la query: [ UPDATE index_fattura SET year='2016' ] dall'utente di dominio [ gabriele.paolillo ]
Jan 20 14:52:21|PEAR_LOG_SQL[info] E' stata eseguita la query: [ UPDATE index_ddt SET year='2016' ] dall'utente di dominio [ gabriele.paolillo ]
Jan 20 14:52:32|PEAR_LOG_SQL[info] E' stata eseguita la query: [ UPDATE index_fattura SET year='2016' ] dall'utente di dominio [ gabriele.paolillo ]
Jan 20 14:52:32|PEAR_LOG_SQL[info] E' stata eseguita la query: [ UPDATE index_ddt SET year='2016' ] dall'utente di dominio [ gabriele.paolillo ]
Jan 20 14:52:41|PEAR_LOG_SQL[info] E' stata eseguita la query: [ UPDATE index_fattura SET year='2016' ] dall'utente di dominio [  ]
Jan 20 14:52:41|PEAR_LOG_SQL[info] E' stata eseguita la query: [ UPDATE index_ddt SET year='2016' ] dall'utente di dominio [  ]
Jan 20 14:58:25|PEAR_LOG_SQL[info] E' stata eseguita la query: [ UPDATE index_fattura SET year='2016' ] dall'utente di dominio [  ]
Jan 20 14:58:25|PEAR_LOG_SQL[info] E' stata eseguita la query: [ UPDATE index_ddt SET year='2016' ] dall'utente di dominio [  ]
Jan 20 14:58:30|PEAR_LOG_SQL[info] E' stata eseguita la query: [ UPDATE index_fattura SET year='2016' ] dall'utente di dominio [  ]
Jan 20 14:58:30|PEAR_LOG_SQL[info] E' stata eseguita la query: [ UPDATE index_ddt SET year='2016' ] dall'utente di dominio [  ]
Jan 20 14:58:30|PEAR_LOG_SQL[info] E' stata eseguita la query: [ UPDATE users SET id_type = 1,id_anag = 7093,id_customer = 11,sconto_fornitori_nl = NULL,sconto_fornitori_de = NULL,username = 'luigi',password = 'e9da82f4c252e7f1745ae88f2624fc07a2afr24tg56r4r65wg',secret_question = NULL,secret_response = NULL,confirmation_code = NULL,last_access = '2016-01-20 14:58:30',data_inserimento_riga = '2015-10-29',data_modifica_riga = '2016-01-20',is_newsletter_subscribed = NULL,is_t_c_accepted = NULL,is_agent = NULL,is_active = 1,operatore = 'siso' WHERE id = 7 ] dall'utente di dominio [  ] Utente di dominio: [  ] REMOTE PORT: [ 53769 ] REMOTE IP: [ 93.34.3.78 ] FULL DATE [ 20-01-2016 ]
Jan 20 14:58:30|PEAR_LOG_SQL[info] E' stata eseguita la query: [ UPDATE index_fattura SET year='2016' ] dall'utente di dominio [ luigi ]
Jan 20 14:58:30|PEAR_LOG_SQL[info] E' stata eseguita la query: [ UPDATE index_ddt SET year='2016' ] dall'utente di dominio [ luigi ]
Jan 20 14:58:34|PEAR_LOG_SQL[info] E' stata eseguita la query: [ UPDATE index_fattura SET year='2016' ] dall'utente di dominio [ luigi ]
Jan 20 14:58:34|PEAR_LOG_SQL[info] E' stata eseguita la query: [ UPDATE index_ddt SET year='2016' ] dall'utente di dominio [ luigi ]
Jan 20 14:58:40|PEAR_LOG_SQL[info] E' stata eseguita la query: [ UPDATE index_fattura SET year='2016' ] dall'utente di dominio [ luigi ]
Jan 20 14:58:40|PEAR_LOG_SQL[info] E' stata eseguita la query: [ UPDATE index_ddt SET year='2016' ] dall'utente di dominio [ luigi ]
Jan 20 14:59:15|PEAR_LOG_SQL[info] E' stata eseguita la query: [ UPDATE index_fattura SET year='2016' ] dall'utente di dominio [  ]
Jan 20 14:59:15|PEAR_LOG_SQL[info] E' stata eseguita la query: [ UPDATE index_ddt SET year='2016' ] dall'utente di dominio [  ]
Jan 20 14:59:17|PEAR_LOG_SQL[info] E' stata eseguita la query: [ UPDATE index_fattura SET year='2016' ] dall'utente di dominio [  ]
Jan 20 14:59:17|PEAR_LOG_SQL[info] E' stata eseguita la query: [ UPDATE index_ddt SET year='2016' ] dall'utente di dominio [  ]
Jan 20 14:59:17|PEAR_LOG_SQL[info] E' stata eseguita la query: [ UPDATE users SET id_type = 1,id_anag = 7095,id_customer = NULL,sconto_fornitori_nl = NULL,sconto_fornitori_de = NULL,username = 'gabriele.paolillo',password = '8bc674f8b3278ec1de6112accd643b4fa2afr24tg56r4r65wg',secret_question = NULL,secret_response = NULL,confirmation_code = NULL,last_access = '2016-01-20 14:59:17',data_inserimento_riga = '2015-11-06',data_modifica_riga = '2016-01-20',is_newsletter_subscribed = NULL,is_t_c_accepted = NULL,is_agent = NULL,is_active = 1,operatore = 'siso' WHERE id = 9 ] dall'utente di dominio [  ] Utente di dominio: [  ] REMOTE PORT: [ 50230 ] REMOTE IP: [ 5.86.29.200 ] FULL DATE [ 20-01-2016 ]
Jan 20 14:59:17|PEAR_LOG_SQL[info] E' stata eseguita la query: [ UPDATE index_fattura SET year='2016' ] dall'utente di dominio [ gabriele.paolillo ]
Jan 20 14:59:17|PEAR_LOG_SQL[info] E' stata eseguita la query: [ UPDATE index_ddt SET year='2016' ] dall'utente di dominio [ gabriele.paolillo ]
Jan 20 14:59:24|PEAR_LOG_SQL[info] E' stata eseguita la query: [ UPDATE index_fattura SET year='2016' ] dall'utente di dominio [ gabriele.paolillo ]
Jan 20 14:59:24|PEAR_LOG_SQL[info] E' stata eseguita la query: [ UPDATE index_ddt SET year='2016' ] dall'utente di dominio [ gabriele.paolillo ]
Jan 20 14:59:29|PEAR_LOG_SQL[info] E' stata eseguita la query: [ UPDATE index_fattura SET year='2016' ] dall'utente di dominio [ gabriele.paolillo ]
Jan 20 14:59:29|PEAR_LOG_SQL[info] E' stata eseguita la query: [ UPDATE index_ddt SET year='2016' ] dall'utente di dominio [ gabriele.paolillo ]
Jan 20 14:59:36|PEAR_LOG_SQL[info] E' stata eseguita la query: [ UPDATE index_fattura SET year='2016' ] dall'utente di dominio [  ]
Jan 20 14:59:36|PEAR_LOG_SQL[info] E' stata eseguita la query: [ UPDATE index_ddt SET year='2016' ] dall'utente di dominio [  ]
Jan 20 15:00:13|PEAR_LOG_SQL[info] E' stata eseguita la query: [ UPDATE index_fattura SET year='2016' ] dall'utente di dominio [ gabriele.paolillo ]
Jan 20 15:00:13|PEAR_LOG_SQL[info] E' stata eseguita la query: [ UPDATE index_ddt SET year='2016' ] dall'utente di dominio [ gabriele.paolillo ]
Jan 20 15:00:50|PEAR_LOG_SQL[info] E' stata eseguita la query: [ UPDATE index_fattura SET year='2016' ] dall'utente di dominio [ gabriele.paolillo ]
Jan 20 15:00:50|PEAR_LOG_SQL[info] E' stata eseguita la query: [ UPDATE index_ddt SET year='2016' ] dall'utente di dominio [ gabriele.paolillo ]
Jan 20 15:00:50|PEAR_LOG_SQL[info] E' stata eseguita la query: [ INSERT INTO users_anag (id,name,surname,email,address,address_secondary,city,province,nation,cap,phone,mobile,sex,p_iva,codice_fiscale,name_spedizione,surname_spedizione,address_spedizione,address_secondary_spedizione,city_spedizione,province_spedizione,nation_spedizione,cap_spedizione,test,settore_merceologico) VALUES (7104,'Claudia','Zambrano','roma@fridas.it',NULL,NULL,NULL,NULL,NULL,NULL,NULL,NULL,NULL,NULL,NULL,NULL,NULL,NULL,NULL,NULL,NULL,NULL,NULL,NULL,NULL) ] dall'utente di dominio [ gabriele.paolillo ] Utente di dominio: [ gabriele.paolillo ] REMOTE PORT: [ 50243 ] REMOTE IP: [ 5.86.29.200 ] FULL DATE [ 20-01-2016 ]
Jan 20 15:00:50|PEAR_LOG_SQL[info] E' stata eseguita la query: [ INSERT INTO users (id,id_type,id_anag,id_customer,sconto_fornitori_nl,sconto_fornitori_de,username,password,secret_question,secret_response,confirmation_code,last_access,data_inserimento_riga,data_modifica_riga,is_newsletter_subscribed,is_t_c_accepted,is_agent,is_active,operatore) VALUES (22,3,7104,NULL,NULL,NULL,'claudia.zambrano','2b9ff3efc4a999ecfacd18c4bbc57a2ea2afr24tg56r4r65wg',NULL,NULL,NULL,NULL,'2016-01-20','2016-01-20',NULL,NULL,NULL,0,'gabriele.paolillo') ] dall'utente di dominio [ gabriele.paolillo ]
Jan 20 15:00:50|PEAR_LOG_SQL[info] E' stata eseguita la query: [ UPDATE users SET id_type = 3,id_anag = 7104,id_customer = NULL,sconto_fornitori_nl = NULL,sconto_fornitori_de = NULL,username = 'claudia.zambrano',password = '2b9ff3efc4a999ecfacd18c4bbc57a2ea2afr24tg56r4r65wg',secret_question = NULL,secret_response = NULL,confirmation_code = NULL,last_access = NULL,data_inserimento_riga = '2016-01-20',data_modifica_riga = '2016-01-20',is_newsletter_subscribed = NULL,is_t_c_accepted = NULL,is_agent = NULL,is_active = 1,operatore = 'gabriele.paolillo' WHERE id = 22 ] dall'utente di dominio [ gabriele.paolillo ]
Jan 20 15:00:50|PEAR_LOG_SQL[info] E' stata eseguita la query: [ UPDATE index_fattura SET year='2016' ] dall'utente di dominio [ gabriele.paolillo ]
Jan 20 15:00:50|PEAR_LOG_SQL[info] E' stata eseguita la query: [ UPDATE index_ddt SET year='2016' ] dall'utente di dominio [ gabriele.paolillo ]
Jan 20 15:00:57|PEAR_LOG_SQL[info] E' stata eseguita la query: [ UPDATE index_fattura SET year='2016' ] dall'utente di dominio [ gabriele.paolillo ]
Jan 20 15:00:57|PEAR_LOG_SQL[info] E' stata eseguita la query: [ UPDATE index_ddt SET year='2016' ] dall'utente di dominio [ gabriele.paolillo ]
Jan 20 15:01:01|PEAR_LOG_SQL[info] E' stata eseguita la query: [ UPDATE index_fattura SET year='2016' ] dall'utente di dominio [ gabriele.paolillo ]
Jan 20 15:01:01|PEAR_LOG_SQL[info] E' stata eseguita la query: [ UPDATE index_ddt SET year='2016' ] dall'utente di dominio [ gabriele.paolillo ]
Jan 20 15:01:06|PEAR_LOG_SQL[info] E' stata eseguita la query: [ UPDATE index_fattura SET year='2016' ] dall'utente di dominio [ gabriele.paolillo ]
Jan 20 15:01:06|PEAR_LOG_SQL[info] E' stata eseguita la query: [ UPDATE index_ddt SET year='2016' ] dall'utente di dominio [ gabriele.paolillo ]
Jan 20 15:01:09|PEAR_LOG_SQL[info] E' stata eseguita la query: [ UPDATE index_fattura SET year='2016' ] dall'utente di dominio [ gabriele.paolillo ]
Jan 20 15:01:09|PEAR_LOG_SQL[info] E' stata eseguita la query: [ UPDATE index_ddt SET year='2016' ] dall'utente di dominio [ gabriele.paolillo ]
Jan 20 15:01:09|PEAR_LOG_SQL[info] E' stata eseguita la query: [ UPDATE users SET id_type = 3,id_anag = 7104,id_customer = 13,sconto_fornitori_nl = NULL,sconto_fornitori_de = NULL,username = 'claudia.zambrano',password = '2b9ff3efc4a999ecfacd18c4bbc57a2ea2afr24tg56r4r65wg',secret_question = NULL,secret_response = NULL,confirmation_code = NULL,last_access = NULL,data_inserimento_riga = '2016-01-20',data_modifica_riga = '2016-01-20',is_newsletter_subscribed = NULL,is_t_c_accepted = NULL,is_agent = NULL,is_active = 1,operatore = 'gabriele.paolillo' WHERE id = 22 ] dall'utente di dominio [ gabriele.paolillo ]
Jan 20 15:01:18|PEAR_LOG_SQL[info] E' stata eseguita la query: [ UPDATE index_fattura SET year='2016' ] dall'utente di dominio [  ]
Jan 20 15:01:18|PEAR_LOG_SQL[info] E' stata eseguita la query: [ UPDATE index_ddt SET year='2016' ] dall'utente di dominio [  ]
