Jan 27 12:54:09|PEAR_LOG_SQL[info] E' stata eseguita la query: [ UPDATE index_fattura SET year='2017' ] dall'utente di dominio [  ]
Jan 27 12:54:10|PEAR_LOG_SQL[info] E' stata eseguita la query: [ UPDATE index_ddt SET year='2017' ] dall'utente di dominio [  ]
Jan 27 12:54:13|PEAR_LOG_SQL[info] E' stata eseguita la query: [ UPDATE index_fattura SET year='2017' ] dall'utente di dominio [  ]
Jan 27 12:54:13|PEAR_LOG_SQL[info] E' stata eseguita la query: [ UPDATE index_ddt SET year='2017' ] dall'utente di dominio [  ]
Jan 27 12:54:13|PEAR_LOG_SQL[info] E' stata eseguita la query: [ UPDATE users SET id_type = 1,id_anag = 15,id_customer = 8,sconto_fornitori_nl = 20,sconto_fornitori_de = 20,username = 'siso',password = '78db288208c027abd8d6fce4b368c62da2afr24tg56r4r65wg',secret_question = NULL,secret_response = NULL,confirmation_code = NULL,last_access = '2017-01-27 12:54:13',data_inserimento_riga = '2011-06-14',data_modifica_riga = '2017-01-27',is_newsletter_subscribed = 0,is_t_c_accepted = '0',is_agent = NULL,is_active = 1,operatore = 'siso' WHERE id = 1 ] dall'utente di dominio [  ] Utente di dominio: [  ] REMOTE PORT: [ 38402 ] REMOTE IP: [ 81.25.111.71 ] FULL DATE [ 27-01-2017 ]
Jan 27 12:54:16|PEAR_LOG_SQL[info] E' stata eseguita la query: [ UPDATE index_fattura SET year='2017' ] dall'utente di dominio [ siso ]
Jan 27 12:54:16|PEAR_LOG_SQL[info] E' stata eseguita la query: [ UPDATE index_ddt SET year='2017' ] dall'utente di dominio [ siso ]
Jan 27 12:54:29|PEAR_LOG_SQL[info] E' stata eseguita la query: [ UPDATE index_fattura SET year='2017' ] dall'utente di dominio [ siso ]
Jan 27 12:54:29|PEAR_LOG_SQL[info] E' stata eseguita la query: [ UPDATE index_ddt SET year='2017' ] dall'utente di dominio [ siso ]
Jan 27 12:54:36|PEAR_LOG_SQL[info] E' stata eseguita la query: [ UPDATE index_fattura SET year='2017' ] dall'utente di dominio [  ]
Jan 27 12:54:36|PEAR_LOG_SQL[info] E' stata eseguita la query: [ UPDATE index_ddt SET year='2017' ] dall'utente di dominio [  ]
Jan 27 12:54:40|PEAR_LOG_SQL[info] E' stata eseguita la query: [ UPDATE index_fattura SET year='2017' ] dall'utente di dominio [  ]
Jan 27 12:54:40|PEAR_LOG_SQL[info] E' stata eseguita la query: [ UPDATE index_ddt SET year='2017' ] dall'utente di dominio [  ]
Jan 27 12:54:40|PEAR_LOG_SQL[info] E' stata eseguita la query: [ UPDATE users SET id_type = 1,id_anag = 15,id_customer = 8,sconto_fornitori_nl = 20,sconto_fornitori_de = 20,username = 'siso',password = '78db288208c027abd8d6fce4b368c62da2afr24tg56r4r65wg',secret_question = NULL,secret_response = NULL,confirmation_code = NULL,last_access = '2017-01-27 12:54:40',data_inserimento_riga = '2011-06-14',data_modifica_riga = '2017-01-27',is_newsletter_subscribed = 0,is_t_c_accepted = '0',is_agent = NULL,is_active = 1,operatore = 'siso' WHERE id = 1 ] dall'utente di dominio [  ] Utente di dominio: [  ] REMOTE PORT: [ 45038 ] REMOTE IP: [ 81.25.111.71 ] FULL DATE [ 27-01-2017 ]
Jan 27 12:54:41|PEAR_LOG_SQL[info] E' stata eseguita la query: [ UPDATE index_fattura SET year='2017' ] dall'utente di dominio [ siso ]
Jan 27 12:54:41|PEAR_LOG_SQL[info] E' stata eseguita la query: [ UPDATE index_ddt SET year='2017' ] dall'utente di dominio [ siso ]
Jan 27 12:54:56|PEAR_LOG_SQL[info] E' stata eseguita la query: [ UPDATE index_fattura SET year='2017' ] dall'utente di dominio [ siso ]
Jan 27 12:54:56|PEAR_LOG_SQL[info] E' stata eseguita la query: [ UPDATE index_ddt SET year='2017' ] dall'utente di dominio [ siso ]
Jan 27 12:55:08|PEAR_LOG_SQL[info] E' stata eseguita la query: [ UPDATE index_fattura SET year='2017' ] dall'utente di dominio [ siso ]
Jan 27 12:55:08|PEAR_LOG_SQL[info] E' stata eseguita la query: [ UPDATE index_ddt SET year='2017' ] dall'utente di dominio [ siso ]
Jan 27 12:55:17|PEAR_LOG_SQL[info] E' stata eseguita la query: [ UPDATE index_fattura SET year='2017' ] dall'utente di dominio [ siso ]
Jan 27 12:55:17|PEAR_LOG_SQL[info] E' stata eseguita la query: [ UPDATE index_ddt SET year='2017' ] dall'utente di dominio [ siso ]
